Flow report for Core4
Thu Jun 10 04:11:11 2021
Quartus II 64-Bit Version 13.0.1 Build 232 06/12/2013 Service Pack 1 SJ Web Edition


---------------------
; Table of Contents ;
---------------------
  1. Legal Notice
  2. Flow Summary
  3. Flow Settings
  4. Flow Non-Default Global Settings
  5. Flow Elapsed Time
  6. Flow OS Summary
  7. Flow Log
  8. Flow Messages
  9. Flow Suppressed Messages



----------------
; Legal Notice ;
----------------
Copyright (C) 1991-2013 Altera Corporation
Your use of Altera Corporation's design tools, logic functions 
and other software and tools, and its AMPP partner logic 
functions, and any output files from any of the foregoing 
(including device programming or simulation files), and any 
associated documentation or information are expressly subject 
to the terms and conditions of the Altera Program License 
Subscription Agreement, Altera MegaCore Function License 
Agreement, or other applicable license agreement, including, 
without limitation, that your use is for the sole purpose of 
programming logic devices manufactured by Altera and sold by 
Altera or its authorized distributors.  Please refer to the 
applicable agreement for further details.



+--------------------------------------------------------------------------------------+
; Flow Summary                                                                         ;
+------------------------------------+-------------------------------------------------+
; Flow Status                        ; Successful - Thu Jun 10 04:11:02 2021           ;
; Quartus II 64-Bit Version          ; 13.0.1 Build 232 06/12/2013 SP 1 SJ Web Edition ;
; Revision Name                      ; Core4                                           ;
; Top-level Entity Name              ; Core4                                           ;
; Family                             ; Cyclone IV E                                    ;
; Device                             ; EP4CE115F29C7                                   ;
; Timing Models                      ; Final                                           ;
; Total logic elements               ; 19,573 / 114,480 ( 17 % )                       ;
;     Total combinational functions  ; 18,685 / 114,480 ( 16 % )                       ;
;     Dedicated logic registers      ; 10,882 / 114,480 ( 10 % )                       ;
; Total registers                    ; 10882                                           ;
; Total pins                         ; 46 / 529 ( 9 % )                                ;
; Total virtual pins                 ; 0                                               ;
; Total memory bits                  ; 1,624,064 / 3,981,312 ( 41 % )                  ;
; Embedded Multiplier 9-bit elements ; 0 / 532 ( 0 % )                                 ;
; Total PLLs                         ; 0 / 4 ( 0 % )                                   ;
+------------------------------------+-------------------------------------------------+


+-----------------------------------------+
; Flow Settings                           ;
+-------------------+---------------------+
; Option            ; Setting             ;
+-------------------+---------------------+
; Start date & time ; 06/10/2021 04:08:29 ;
; Main task         ; Compilation         ;
; Revision Name     ; Core4               ;
+-------------------+---------------------+


+--------------------------------------------------------------------------------------------------------------------------------------------------------------+
; Flow Non-Default Global Settings                                                                                                                             ;
+-------------------------------------+---------------------------------------------------------+---------------+---------------------------------+------------+
; Assignment Name                     ; Value                                                   ; Default Value ; Entity Name                     ; Section Id ;
+-------------------------------------+---------------------------------------------------------+---------------+---------------------------------+------------+
; COMPILER_SIGNATURE_ID               ; 247207016683614.162329090936716                         ; --            ; --                              ; --         ;
; IP_TOOL_ENV                         ; Qsys                                                    ; --            ; --                              ; --         ;
; IP_TOOL_ENV                         ; Qsys                                                    ; --            ; Core4_addr_router               ; --         ;
; IP_TOOL_ENV                         ; Qsys                                                    ; --            ; Core4_addr_router_001           ; --         ;
; IP_TOOL_ENV                         ; Qsys                                                    ; --            ; Core4_addr_router_002           ; --         ;
; IP_TOOL_ENV                         ; Qsys                                                    ; --            ; Core4_addr_router_003           ; --         ;
; IP_TOOL_ENV                         ; Qsys                                                    ; --            ; Core4_addr_router_004           ; --         ;
; IP_TOOL_ENV                         ; Qsys                                                    ; --            ; Core4_addr_router_005           ; --         ;
; IP_TOOL_ENV                         ; Qsys                                                    ; --            ; Core4_addr_router_006           ; --         ;
; IP_TOOL_ENV                         ; Qsys                                                    ; --            ; Core4_addr_router_007           ; --         ;
; IP_TOOL_ENV                         ; Qsys                                                    ; --            ; Core4_cmd_xbar_demux            ; --         ;
; IP_TOOL_ENV                         ; Qsys                                                    ; --            ; Core4_cmd_xbar_demux_001        ; --         ;
; IP_TOOL_ENV                         ; Qsys                                                    ; --            ; Core4_cmd_xbar_mux              ; --         ;
; IP_TOOL_ENV                         ; Qsys                                                    ; --            ; Core4_cmd_xbar_mux_002          ; --         ;
; IP_TOOL_ENV                         ; Qsys                                                    ; --            ; Core4_cmd_xbar_mux_005          ; --         ;
; IP_TOOL_ENV                         ; Qsys                                                    ; --            ; Core4_cpu_0                     ; --         ;
; IP_TOOL_ENV                         ; Qsys                                                    ; --            ; Core4_cpu_1                     ; --         ;
; IP_TOOL_ENV                         ; Qsys                                                    ; --            ; Core4_cpu_2                     ; --         ;
; IP_TOOL_ENV                         ; Qsys                                                    ; --            ; Core4_cpu_3                     ; --         ;
; IP_TOOL_ENV                         ; Qsys                                                    ; --            ; Core4_fifo_0_to_1               ; --         ;
; IP_TOOL_ENV                         ; Qsys                                                    ; --            ; Core4_green_leds                ; --         ;
; IP_TOOL_ENV                         ; Qsys                                                    ; --            ; Core4_id_router                 ; --         ;
; IP_TOOL_ENV                         ; Qsys                                                    ; --            ; Core4_id_router_002             ; --         ;
; IP_TOOL_ENV                         ; Qsys                                                    ; --            ; Core4_id_router_003             ; --         ;
; IP_TOOL_ENV                         ; Qsys                                                    ; --            ; Core4_id_router_005             ; --         ;
; IP_TOOL_ENV                         ; Qsys                                                    ; --            ; Core4_id_router_030             ; --         ;
; IP_TOOL_ENV                         ; Qsys                                                    ; --            ; Core4_id_router_032             ; --         ;
; IP_TOOL_ENV                         ; Qsys                                                    ; --            ; Core4_id_router_048             ; --         ;
; IP_TOOL_ENV                         ; Qsys                                                    ; --            ; Core4_id_router_050             ; --         ;
; IP_TOOL_ENV                         ; Qsys                                                    ; --            ; Core4_id_router_066             ; --         ;
; IP_TOOL_ENV                         ; Qsys                                                    ; --            ; Core4_id_router_068             ; --         ;
; IP_TOOL_ENV                         ; Qsys                                                    ; --            ; Core4_irq_mapper                ; --         ;
; IP_TOOL_ENV                         ; Qsys                                                    ; --            ; Core4_jtag_uart_0               ; --         ;
; IP_TOOL_ENV                         ; Qsys                                                    ; --            ; Core4_mutex_0                   ; --         ;
; IP_TOOL_ENV                         ; Qsys                                                    ; --            ; Core4_onchip_memory_0           ; --         ;
; IP_TOOL_ENV                         ; Qsys                                                    ; --            ; Core4_onchip_memory_1           ; --         ;
; IP_TOOL_ENV                         ; Qsys                                                    ; --            ; Core4_onchip_memory_2           ; --         ;
; IP_TOOL_ENV                         ; Qsys                                                    ; --            ; Core4_onchip_memory_3           ; --         ;
; IP_TOOL_ENV                         ; Qsys                                                    ; --            ; Core4_onchip_shared             ; --         ;
; IP_TOOL_ENV                         ; Qsys                                                    ; --            ; Core4_performance_counter_0     ; --         ;
; IP_TOOL_ENV                         ; Qsys                                                    ; --            ; Core4_red_leds                  ; --         ;
; IP_TOOL_ENV                         ; Qsys                                                    ; --            ; Core4_rsp_xbar_demux            ; --         ;
; IP_TOOL_ENV                         ; Qsys                                                    ; --            ; Core4_rsp_xbar_demux_002        ; --         ;
; IP_TOOL_ENV                         ; Qsys                                                    ; --            ; Core4_rsp_xbar_demux_003        ; --         ;
; IP_TOOL_ENV                         ; Qsys                                                    ; --            ; Core4_rsp_xbar_demux_005        ; --         ;
; IP_TOOL_ENV                         ; Qsys                                                    ; --            ; Core4_rsp_xbar_mux              ; --         ;
; IP_TOOL_ENV                         ; Qsys                                                    ; --            ; Core4_rsp_xbar_mux_001          ; --         ;
; IP_TOOL_ENV                         ; Qsys                                                    ; --            ; Core4_switches                  ; --         ;
; IP_TOOL_ENV                         ; Qsys                                                    ; --            ; Core4_timer_0_0                 ; --         ;
; IP_TOOL_ENV                         ; Qsys                                                    ; --            ; altera_avalon_sc_fifo           ; --         ;
; IP_TOOL_ENV                         ; Qsys                                                    ; --            ; altera_merlin_master_agent      ; --         ;
; IP_TOOL_ENV                         ; Qsys                                                    ; --            ; altera_merlin_master_translator ; --         ;
; IP_TOOL_ENV                         ; Qsys                                                    ; --            ; altera_merlin_slave_agent       ; --         ;
; IP_TOOL_ENV                         ; Qsys                                                    ; --            ; altera_merlin_slave_translator  ; --         ;
; IP_TOOL_ENV                         ; Qsys                                                    ; --            ; altera_reset_controller         ; --         ;
; IP_TOOL_NAME                        ; Qsys                                                    ; --            ; --                              ; --         ;
; IP_TOOL_NAME                        ; altera_merlin_router                                    ; --            ; Core4_addr_router               ; --         ;
; IP_TOOL_NAME                        ; altera_merlin_router                                    ; --            ; Core4_addr_router_001           ; --         ;
; IP_TOOL_NAME                        ; altera_merlin_router                                    ; --            ; Core4_addr_router_002           ; --         ;
; IP_TOOL_NAME                        ; altera_merlin_router                                    ; --            ; Core4_addr_router_003           ; --         ;
; IP_TOOL_NAME                        ; altera_merlin_router                                    ; --            ; Core4_addr_router_004           ; --         ;
; IP_TOOL_NAME                        ; altera_merlin_router                                    ; --            ; Core4_addr_router_005           ; --         ;
; IP_TOOL_NAME                        ; altera_merlin_router                                    ; --            ; Core4_addr_router_006           ; --         ;
; IP_TOOL_NAME                        ; altera_merlin_router                                    ; --            ; Core4_addr_router_007           ; --         ;
; IP_TOOL_NAME                        ; altera_merlin_demultiplexer                             ; --            ; Core4_cmd_xbar_demux            ; --         ;
; IP_TOOL_NAME                        ; altera_merlin_demultiplexer                             ; --            ; Core4_cmd_xbar_demux_001        ; --         ;
; IP_TOOL_NAME                        ; altera_merlin_multiplexer                               ; --            ; Core4_cmd_xbar_mux              ; --         ;
; IP_TOOL_NAME                        ; altera_merlin_multiplexer                               ; --            ; Core4_cmd_xbar_mux_002          ; --         ;
; IP_TOOL_NAME                        ; altera_merlin_multiplexer                               ; --            ; Core4_cmd_xbar_mux_005          ; --         ;
; IP_TOOL_NAME                        ; altera_nios2_qsys                                       ; --            ; Core4_cpu_0                     ; --         ;
; IP_TOOL_NAME                        ; altera_nios2_qsys                                       ; --            ; Core4_cpu_1                     ; --         ;
; IP_TOOL_NAME                        ; altera_nios2_qsys                                       ; --            ; Core4_cpu_2                     ; --         ;
; IP_TOOL_NAME                        ; altera_nios2_qsys                                       ; --            ; Core4_cpu_3                     ; --         ;
; IP_TOOL_NAME                        ; altera_avalon_fifo                                      ; --            ; Core4_fifo_0_to_1               ; --         ;
; IP_TOOL_NAME                        ; altera_avalon_pio                                       ; --            ; Core4_green_leds                ; --         ;
; IP_TOOL_NAME                        ; altera_merlin_router                                    ; --            ; Core4_id_router                 ; --         ;
; IP_TOOL_NAME                        ; altera_merlin_router                                    ; --            ; Core4_id_router_002             ; --         ;
; IP_TOOL_NAME                        ; altera_merlin_router                                    ; --            ; Core4_id_router_003             ; --         ;
; IP_TOOL_NAME                        ; altera_merlin_router                                    ; --            ; Core4_id_router_005             ; --         ;
; IP_TOOL_NAME                        ; altera_merlin_router                                    ; --            ; Core4_id_router_030             ; --         ;
; IP_TOOL_NAME                        ; altera_merlin_router                                    ; --            ; Core4_id_router_032             ; --         ;
; IP_TOOL_NAME                        ; altera_merlin_router                                    ; --            ; Core4_id_router_048             ; --         ;
; IP_TOOL_NAME                        ; altera_merlin_router                                    ; --            ; Core4_id_router_050             ; --         ;
; IP_TOOL_NAME                        ; altera_merlin_router                                    ; --            ; Core4_id_router_066             ; --         ;
; IP_TOOL_NAME                        ; altera_merlin_router                                    ; --            ; Core4_id_router_068             ; --         ;
; IP_TOOL_NAME                        ; altera_irq_mapper                                       ; --            ; Core4_irq_mapper                ; --         ;
; IP_TOOL_NAME                        ; altera_avalon_jtag_uart                                 ; --            ; Core4_jtag_uart_0               ; --         ;
; IP_TOOL_NAME                        ; altera_avalon_mutex                                     ; --            ; Core4_mutex_0                   ; --         ;
; IP_TOOL_NAME                        ; altera_avalon_onchip_memory2                            ; --            ; Core4_onchip_memory_0           ; --         ;
; IP_TOOL_NAME                        ; altera_avalon_onchip_memory2                            ; --            ; Core4_onchip_memory_1           ; --         ;
; IP_TOOL_NAME                        ; altera_avalon_onchip_memory2                            ; --            ; Core4_onchip_memory_2           ; --         ;
; IP_TOOL_NAME                        ; altera_avalon_onchip_memory2                            ; --            ; Core4_onchip_memory_3           ; --         ;
; IP_TOOL_NAME                        ; altera_avalon_onchip_memory2                            ; --            ; Core4_onchip_shared             ; --         ;
; IP_TOOL_NAME                        ; altera_avalon_performance_counter                       ; --            ; Core4_performance_counter_0     ; --         ;
; IP_TOOL_NAME                        ; altera_avalon_pio                                       ; --            ; Core4_red_leds                  ; --         ;
; IP_TOOL_NAME                        ; altera_merlin_demultiplexer                             ; --            ; Core4_rsp_xbar_demux            ; --         ;
; IP_TOOL_NAME                        ; altera_merlin_demultiplexer                             ; --            ; Core4_rsp_xbar_demux_002        ; --         ;
; IP_TOOL_NAME                        ; altera_merlin_demultiplexer                             ; --            ; Core4_rsp_xbar_demux_003        ; --         ;
; IP_TOOL_NAME                        ; altera_merlin_demultiplexer                             ; --            ; Core4_rsp_xbar_demux_005        ; --         ;
; IP_TOOL_NAME                        ; altera_merlin_multiplexer                               ; --            ; Core4_rsp_xbar_mux              ; --         ;
; IP_TOOL_NAME                        ; altera_merlin_multiplexer                               ; --            ; Core4_rsp_xbar_mux_001          ; --         ;
; IP_TOOL_NAME                        ; altera_avalon_pio                                       ; --            ; Core4_switches                  ; --         ;
; IP_TOOL_NAME                        ; altera_avalon_timer                                     ; --            ; Core4_timer_0_0                 ; --         ;
; IP_TOOL_NAME                        ; altera_avalon_sc_fifo                                   ; --            ; altera_avalon_sc_fifo           ; --         ;
; IP_TOOL_NAME                        ; altera_merlin_master_agent                              ; --            ; altera_merlin_master_agent      ; --         ;
; IP_TOOL_NAME                        ; altera_merlin_master_translator                         ; --            ; altera_merlin_master_translator ; --         ;
; IP_TOOL_NAME                        ; altera_merlin_slave_agent                               ; --            ; altera_merlin_slave_agent       ; --         ;
; IP_TOOL_NAME                        ; altera_merlin_slave_translator                          ; --            ; altera_merlin_slave_translator  ; --         ;
; IP_TOOL_NAME                        ; altera_reset_controller                                 ; --            ; altera_reset_controller         ; --         ;
; IP_TOOL_VERSION                     ; 13.0sp1                                                 ; --            ; --                              ; --         ;
; IP_TOOL_VERSION                     ; 13.0                                                    ; --            ; Core4_addr_router               ; --         ;
; IP_TOOL_VERSION                     ; 13.0                                                    ; --            ; Core4_addr_router_001           ; --         ;
; IP_TOOL_VERSION                     ; 13.0                                                    ; --            ; Core4_addr_router_002           ; --         ;
; IP_TOOL_VERSION                     ; 13.0                                                    ; --            ; Core4_addr_router_003           ; --         ;
; IP_TOOL_VERSION                     ; 13.0                                                    ; --            ; Core4_addr_router_004           ; --         ;
; IP_TOOL_VERSION                     ; 13.0                                                    ; --            ; Core4_addr_router_005           ; --         ;
; IP_TOOL_VERSION                     ; 13.0                                                    ; --            ; Core4_addr_router_006           ; --         ;
; IP_TOOL_VERSION                     ; 13.0                                                    ; --            ; Core4_addr_router_007           ; --         ;
; IP_TOOL_VERSION                     ; 13.0                                                    ; --            ; Core4_cmd_xbar_demux            ; --         ;
; IP_TOOL_VERSION                     ; 13.0                                                    ; --            ; Core4_cmd_xbar_demux_001        ; --         ;
; IP_TOOL_VERSION                     ; 13.0                                                    ; --            ; Core4_cmd_xbar_mux              ; --         ;
; IP_TOOL_VERSION                     ; 13.0                                                    ; --            ; Core4_cmd_xbar_mux_002          ; --         ;
; IP_TOOL_VERSION                     ; 13.0                                                    ; --            ; Core4_cmd_xbar_mux_005          ; --         ;
; IP_TOOL_VERSION                     ; 13.0                                                    ; --            ; Core4_cpu_0                     ; --         ;
; IP_TOOL_VERSION                     ; 13.0                                                    ; --            ; Core4_cpu_1                     ; --         ;
; IP_TOOL_VERSION                     ; 13.0                                                    ; --            ; Core4_cpu_2                     ; --         ;
; IP_TOOL_VERSION                     ; 13.0                                                    ; --            ; Core4_cpu_3                     ; --         ;
; IP_TOOL_VERSION                     ; 13.0.1.99.2                                             ; --            ; Core4_fifo_0_to_1               ; --         ;
; IP_TOOL_VERSION                     ; 13.0.1.99.2                                             ; --            ; Core4_green_leds                ; --         ;
; IP_TOOL_VERSION                     ; 13.0                                                    ; --            ; Core4_id_router                 ; --         ;
; IP_TOOL_VERSION                     ; 13.0                                                    ; --            ; Core4_id_router_002             ; --         ;
; IP_TOOL_VERSION                     ; 13.0                                                    ; --            ; Core4_id_router_003             ; --         ;
; IP_TOOL_VERSION                     ; 13.0                                                    ; --            ; Core4_id_router_005             ; --         ;
; IP_TOOL_VERSION                     ; 13.0                                                    ; --            ; Core4_id_router_030             ; --         ;
; IP_TOOL_VERSION                     ; 13.0                                                    ; --            ; Core4_id_router_032             ; --         ;
; IP_TOOL_VERSION                     ; 13.0                                                    ; --            ; Core4_id_router_048             ; --         ;
; IP_TOOL_VERSION                     ; 13.0                                                    ; --            ; Core4_id_router_050             ; --         ;
; IP_TOOL_VERSION                     ; 13.0                                                    ; --            ; Core4_id_router_066             ; --         ;
; IP_TOOL_VERSION                     ; 13.0                                                    ; --            ; Core4_id_router_068             ; --         ;
; IP_TOOL_VERSION                     ; 13.0                                                    ; --            ; Core4_irq_mapper                ; --         ;
; IP_TOOL_VERSION                     ; 13.0.1.99.2                                             ; --            ; Core4_jtag_uart_0               ; --         ;
; IP_TOOL_VERSION                     ; 13.0.1.99.2                                             ; --            ; Core4_mutex_0                   ; --         ;
; IP_TOOL_VERSION                     ; 13.0.1.99.2                                             ; --            ; Core4_onchip_memory_0           ; --         ;
; IP_TOOL_VERSION                     ; 13.0.1.99.2                                             ; --            ; Core4_onchip_memory_1           ; --         ;
; IP_TOOL_VERSION                     ; 13.0.1.99.2                                             ; --            ; Core4_onchip_memory_2           ; --         ;
; IP_TOOL_VERSION                     ; 13.0.1.99.2                                             ; --            ; Core4_onchip_memory_3           ; --         ;
; IP_TOOL_VERSION                     ; 13.0.1.99.2                                             ; --            ; Core4_onchip_shared             ; --         ;
; IP_TOOL_VERSION                     ; 13.0.1.99.2                                             ; --            ; Core4_performance_counter_0     ; --         ;
; IP_TOOL_VERSION                     ; 13.0.1.99.2                                             ; --            ; Core4_red_leds                  ; --         ;
; IP_TOOL_VERSION                     ; 13.0                                                    ; --            ; Core4_rsp_xbar_demux            ; --         ;
; IP_TOOL_VERSION                     ; 13.0                                                    ; --            ; Core4_rsp_xbar_demux_002        ; --         ;
; IP_TOOL_VERSION                     ; 13.0                                                    ; --            ; Core4_rsp_xbar_demux_003        ; --         ;
; IP_TOOL_VERSION                     ; 13.0                                                    ; --            ; Core4_rsp_xbar_demux_005        ; --         ;
; IP_TOOL_VERSION                     ; 13.0                                                    ; --            ; Core4_rsp_xbar_mux              ; --         ;
; IP_TOOL_VERSION                     ; 13.0                                                    ; --            ; Core4_rsp_xbar_mux_001          ; --         ;
; IP_TOOL_VERSION                     ; 13.0.1.99.2                                             ; --            ; Core4_switches                  ; --         ;
; IP_TOOL_VERSION                     ; 13.0.1.99.2                                             ; --            ; Core4_timer_0_0                 ; --         ;
; IP_TOOL_VERSION                     ; 13.0                                                    ; --            ; altera_avalon_sc_fifo           ; --         ;
; IP_TOOL_VERSION                     ; 13.0                                                    ; --            ; altera_merlin_master_agent      ; --         ;
; IP_TOOL_VERSION                     ; 13.0                                                    ; --            ; altera_merlin_master_translator ; --         ;
; IP_TOOL_VERSION                     ; 13.0                                                    ; --            ; altera_merlin_slave_agent       ; --         ;
; IP_TOOL_VERSION                     ; 13.0                                                    ; --            ; altera_merlin_slave_translator  ; --         ;
; IP_TOOL_VERSION                     ; 13.0                                                    ; --            ; altera_reset_controller         ; --         ;
; MAX_CORE_JUNCTION_TEMP              ; 85                                                      ; --            ; --                              ; --         ;
; MIN_CORE_JUNCTION_TEMP              ; 0                                                       ; --            ; --                              ; --         ;
; MISC_FILE                           ; Core4/synthesis/../../Core4.cmp                         ; --            ; --                              ; --         ;
; MISC_FILE                           ; Core4/synthesis/../../Core4.qsys                        ; --            ; --                              ; --         ;
; NOMINAL_CORE_SUPPLY_VOLTAGE         ; 1.2V                                                    ; --            ; --                              ; --         ;
; PARTITION_COLOR                     ; 16764057                                                ; --            ; --                              ; Top        ;
; PARTITION_FITTER_PRESERVATION_LEVEL ; PLACEMENT_AND_ROUTING                                   ; --            ; --                              ; Top        ;
; PARTITION_NETLIST_TYPE              ; SOURCE                                                  ; --            ; --                              ; Top        ;
; POWER_BOARD_THERMAL_MODEL           ; None (CONSERVATIVE)                                     ; --            ; --                              ; --         ;
; POWER_PRESET_COOLING_SOLUTION       ; 23 MM HEAT SINK WITH 200 LFPM AIRFLOW                   ; --            ; --                              ; --         ;
; PROJECT_OUTPUT_DIRECTORY            ; output_files                                            ; --            ; --                              ; --         ;
; SLD_INFO                            ; QSYS_NAME Core4 HAS_SOPCINFO 1 GENERATION_ID 1623290822 ; --            ; --                              ; --         ;
; SOPCINFO_FILE                       ; Core4/synthesis/../../Core4.sopcinfo                    ; --            ; --                              ; --         ;
; SYNTHESIS_ONLY_QIP                  ; On                                                      ; --            ; --                              ; --         ;
+-------------------------------------+---------------------------------------------------------+---------------+---------------------------------+------------+


+-------------------------------------------------------------------------------------------------------------------------------+
; Flow Elapsed Time                                                                                                             ;
+---------------------------+--------------+-------------------------+---------------------+------------------------------------+
; Module Name               ; Elapsed Time ; Average Processors Used ; Peak Virtual Memory ; Total CPU Time (on all processors) ;
+---------------------------+--------------+-------------------------+---------------------+------------------------------------+
; Analysis & Synthesis      ; 00:01:22     ; 1.0                     ; 5312 MB             ; 00:01:20                           ;
; Fitter                    ; 00:00:53     ; 1.9                     ; 5923 MB             ; 00:01:19                           ;
; Assembler                 ; 00:00:05     ; 1.0                     ; 4664 MB             ; 00:00:05                           ;
; TimeQuest Timing Analyzer ; 00:00:08     ; 1.7                     ; 4983 MB             ; 00:00:09                           ;
; Total                     ; 00:02:28     ; --                      ; --                  ; 00:02:53                           ;
+---------------------------+--------------+-------------------------+---------------------+------------------------------------+


+----------------------------------------------------------------------------------------+
; Flow OS Summary                                                                        ;
+---------------------------+------------------+-----------+------------+----------------+
; Module Name               ; Machine Hostname ; OS Name   ; OS Version ; Processor type ;
+---------------------------+------------------+-----------+------------+----------------+
; Analysis & Synthesis      ; DESKTOP-GG83KMP  ; Windows 7 ; 6.2        ; x86_64         ;
; Fitter                    ; DESKTOP-GG83KMP  ; Windows 7 ; 6.2        ; x86_64         ;
; Assembler                 ; DESKTOP-GG83KMP  ; Windows 7 ; 6.2        ; x86_64         ;
; TimeQuest Timing Analyzer ; DESKTOP-GG83KMP  ; Windows 7 ; 6.2        ; x86_64         ;
+---------------------------+------------------+-----------+------------+----------------+


------------
; Flow Log ;
------------
quartus_map --read_settings_files=on --write_settings_files=off Core4 -c Core4
quartus_fit --read_settings_files=off --write_settings_files=off Core4 -c Core4
quartus_asm --read_settings_files=off --write_settings_files=off Core4 -c Core4
quartus_sta Core4 -c Core4



