Flow report for Core8
Mon Jun 07 02:26:09 2021
Quartus II 64-Bit Version 13.0.1 Build 232 06/12/2013 Service Pack 1 SJ Web Edition


---------------------
; Table of Contents ;
---------------------
  1. Legal Notice
  2. Flow Summary
  3. Flow Settings
  4. Flow Non-Default Global Settings
  5. Flow Elapsed Time
  6. Flow OS Summary
  7. Flow Log
  8. Flow Messages
  9. Flow Suppressed Messages



----------------
; Legal Notice ;
----------------
Copyright (C) 1991-2013 Altera Corporation
Your use of Altera Corporation's design tools, logic functions 
and other software and tools, and its AMPP partner logic 
functions, and any output files from any of the foregoing 
(including device programming or simulation files), and any 
associated documentation or information are expressly subject 
to the terms and conditions of the Altera Program License 
Subscription Agreement, Altera MegaCore Function License 
Agreement, or other applicable license agreement, including, 
without limitation, that your use is for the sole purpose of 
programming logic devices manufactured by Altera and sold by 
Altera or its authorized distributors.  Please refer to the 
applicable agreement for further details.



+--------------------------------------------------------------------------------------+
; Flow Summary                                                                         ;
+------------------------------------+-------------------------------------------------+
; Flow Status                        ; Successful - Mon Jun 07 02:25:51 2021           ;
; Quartus II 64-Bit Version          ; 13.0.1 Build 232 06/12/2013 SP 1 SJ Web Edition ;
; Revision Name                      ; Core8                                           ;
; Top-level Entity Name              ; Core8                                           ;
; Family                             ; Cyclone IV E                                    ;
; Device                             ; EP4CE115F29C7                                   ;
; Timing Models                      ; Final                                           ;
; Total logic elements               ; 46,731 / 114,480 ( 41 % )                       ;
;     Total combinational functions  ; 43,941 / 114,480 ( 38 % )                       ;
;     Dedicated logic registers      ; 26,441 / 114,480 ( 23 % )                       ;
; Total registers                    ; 26441                                           ;
; Total pins                         ; 46 / 529 ( 9 % )                                ;
; Total virtual pins                 ; 0                                               ;
; Total memory bits                  ; 2,740,224 / 3,981,312 ( 69 % )                  ;
; Embedded Multiplier 9-bit elements ; 0 / 532 ( 0 % )                                 ;
; Total PLLs                         ; 0 / 4 ( 0 % )                                   ;
+------------------------------------+-------------------------------------------------+


+-----------------------------------------+
; Flow Settings                           ;
+-------------------+---------------------+
; Option            ; Setting             ;
+-------------------+---------------------+
; Start date & time ; 06/07/2021 02:16:42 ;
; Main task         ; Compilation         ;
; Revision Name     ; Core8               ;
+-------------------+---------------------+


+--------------------------------------------------------------------------------------------------------------------------------------------------------------+
; Flow Non-Default Global Settings                                                                                                                             ;
+-------------------------------------+---------------------------------------------------------+---------------+---------------------------------+------------+
; Assignment Name                     ; Value                                                   ; Default Value ; Entity Name                     ; Section Id ;
+-------------------------------------+---------------------------------------------------------+---------------+---------------------------------+------------+
; COMPILER_SIGNATURE_ID               ; 247207016683614.162302500233292                         ; --            ; --                              ; --         ;
; IP_TOOL_ENV                         ; Qsys                                                    ; --            ; --                              ; --         ;
; IP_TOOL_ENV                         ; Qsys                                                    ; --            ; Core8_addr_router               ; --         ;
; IP_TOOL_ENV                         ; Qsys                                                    ; --            ; Core8_addr_router_001           ; --         ;
; IP_TOOL_ENV                         ; Qsys                                                    ; --            ; Core8_addr_router_002           ; --         ;
; IP_TOOL_ENV                         ; Qsys                                                    ; --            ; Core8_addr_router_003           ; --         ;
; IP_TOOL_ENV                         ; Qsys                                                    ; --            ; Core8_addr_router_004           ; --         ;
; IP_TOOL_ENV                         ; Qsys                                                    ; --            ; Core8_addr_router_005           ; --         ;
; IP_TOOL_ENV                         ; Qsys                                                    ; --            ; Core8_addr_router_006           ; --         ;
; IP_TOOL_ENV                         ; Qsys                                                    ; --            ; Core8_addr_router_007           ; --         ;
; IP_TOOL_ENV                         ; Qsys                                                    ; --            ; Core8_addr_router_008           ; --         ;
; IP_TOOL_ENV                         ; Qsys                                                    ; --            ; Core8_addr_router_009           ; --         ;
; IP_TOOL_ENV                         ; Qsys                                                    ; --            ; Core8_addr_router_010           ; --         ;
; IP_TOOL_ENV                         ; Qsys                                                    ; --            ; Core8_addr_router_011           ; --         ;
; IP_TOOL_ENV                         ; Qsys                                                    ; --            ; Core8_addr_router_012           ; --         ;
; IP_TOOL_ENV                         ; Qsys                                                    ; --            ; Core8_addr_router_013           ; --         ;
; IP_TOOL_ENV                         ; Qsys                                                    ; --            ; Core8_addr_router_014           ; --         ;
; IP_TOOL_ENV                         ; Qsys                                                    ; --            ; Core8_addr_router_015           ; --         ;
; IP_TOOL_ENV                         ; Qsys                                                    ; --            ; Core8_cmd_xbar_demux            ; --         ;
; IP_TOOL_ENV                         ; Qsys                                                    ; --            ; Core8_cmd_xbar_demux_001        ; --         ;
; IP_TOOL_ENV                         ; Qsys                                                    ; --            ; Core8_cmd_xbar_mux              ; --         ;
; IP_TOOL_ENV                         ; Qsys                                                    ; --            ; Core8_cmd_xbar_mux_002          ; --         ;
; IP_TOOL_ENV                         ; Qsys                                                    ; --            ; Core8_cmd_xbar_mux_005          ; --         ;
; IP_TOOL_ENV                         ; Qsys                                                    ; --            ; Core8_cpu_0                     ; --         ;
; IP_TOOL_ENV                         ; Qsys                                                    ; --            ; Core8_cpu_1                     ; --         ;
; IP_TOOL_ENV                         ; Qsys                                                    ; --            ; Core8_cpu_2                     ; --         ;
; IP_TOOL_ENV                         ; Qsys                                                    ; --            ; Core8_cpu_3                     ; --         ;
; IP_TOOL_ENV                         ; Qsys                                                    ; --            ; Core8_cpu_4                     ; --         ;
; IP_TOOL_ENV                         ; Qsys                                                    ; --            ; Core8_cpu_5                     ; --         ;
; IP_TOOL_ENV                         ; Qsys                                                    ; --            ; Core8_cpu_6                     ; --         ;
; IP_TOOL_ENV                         ; Qsys                                                    ; --            ; Core8_cpu_7                     ; --         ;
; IP_TOOL_ENV                         ; Qsys                                                    ; --            ; Core8_fifo_0_to_1               ; --         ;
; IP_TOOL_ENV                         ; Qsys                                                    ; --            ; Core8_green_leds                ; --         ;
; IP_TOOL_ENV                         ; Qsys                                                    ; --            ; Core8_id_router                 ; --         ;
; IP_TOOL_ENV                         ; Qsys                                                    ; --            ; Core8_id_router_002             ; --         ;
; IP_TOOL_ENV                         ; Qsys                                                    ; --            ; Core8_id_router_003             ; --         ;
; IP_TOOL_ENV                         ; Qsys                                                    ; --            ; Core8_id_router_005             ; --         ;
; IP_TOOL_ENV                         ; Qsys                                                    ; --            ; Core8_id_router_046             ; --         ;
; IP_TOOL_ENV                         ; Qsys                                                    ; --            ; Core8_id_router_048             ; --         ;
; IP_TOOL_ENV                         ; Qsys                                                    ; --            ; Core8_id_router_080             ; --         ;
; IP_TOOL_ENV                         ; Qsys                                                    ; --            ; Core8_id_router_082             ; --         ;
; IP_TOOL_ENV                         ; Qsys                                                    ; --            ; Core8_id_router_114             ; --         ;
; IP_TOOL_ENV                         ; Qsys                                                    ; --            ; Core8_id_router_116             ; --         ;
; IP_TOOL_ENV                         ; Qsys                                                    ; --            ; Core8_id_router_148             ; --         ;
; IP_TOOL_ENV                         ; Qsys                                                    ; --            ; Core8_id_router_150             ; --         ;
; IP_TOOL_ENV                         ; Qsys                                                    ; --            ; Core8_id_router_182             ; --         ;
; IP_TOOL_ENV                         ; Qsys                                                    ; --            ; Core8_id_router_184             ; --         ;
; IP_TOOL_ENV                         ; Qsys                                                    ; --            ; Core8_id_router_216             ; --         ;
; IP_TOOL_ENV                         ; Qsys                                                    ; --            ; Core8_id_router_218             ; --         ;
; IP_TOOL_ENV                         ; Qsys                                                    ; --            ; Core8_id_router_250             ; --         ;
; IP_TOOL_ENV                         ; Qsys                                                    ; --            ; Core8_id_router_252             ; --         ;
; IP_TOOL_ENV                         ; Qsys                                                    ; --            ; Core8_irq_mapper                ; --         ;
; IP_TOOL_ENV                         ; Qsys                                                    ; --            ; Core8_jtag_uart_0               ; --         ;
; IP_TOOL_ENV                         ; Qsys                                                    ; --            ; Core8_mutex_0                   ; --         ;
; IP_TOOL_ENV                         ; Qsys                                                    ; --            ; Core8_onchip_memory_0           ; --         ;
; IP_TOOL_ENV                         ; Qsys                                                    ; --            ; Core8_onchip_memory_1           ; --         ;
; IP_TOOL_ENV                         ; Qsys                                                    ; --            ; Core8_onchip_memory_2           ; --         ;
; IP_TOOL_ENV                         ; Qsys                                                    ; --            ; Core8_onchip_memory_3           ; --         ;
; IP_TOOL_ENV                         ; Qsys                                                    ; --            ; Core8_onchip_memory_4           ; --         ;
; IP_TOOL_ENV                         ; Qsys                                                    ; --            ; Core8_onchip_memory_5           ; --         ;
; IP_TOOL_ENV                         ; Qsys                                                    ; --            ; Core8_onchip_memory_6           ; --         ;
; IP_TOOL_ENV                         ; Qsys                                                    ; --            ; Core8_onchip_memory_7           ; --         ;
; IP_TOOL_ENV                         ; Qsys                                                    ; --            ; Core8_onchip_shared             ; --         ;
; IP_TOOL_ENV                         ; Qsys                                                    ; --            ; Core8_performance_counter_0     ; --         ;
; IP_TOOL_ENV                         ; Qsys                                                    ; --            ; Core8_red_leds                  ; --         ;
; IP_TOOL_ENV                         ; Qsys                                                    ; --            ; Core8_rsp_xbar_demux            ; --         ;
; IP_TOOL_ENV                         ; Qsys                                                    ; --            ; Core8_rsp_xbar_demux_002        ; --         ;
; IP_TOOL_ENV                         ; Qsys                                                    ; --            ; Core8_rsp_xbar_demux_003        ; --         ;
; IP_TOOL_ENV                         ; Qsys                                                    ; --            ; Core8_rsp_xbar_demux_005        ; --         ;
; IP_TOOL_ENV                         ; Qsys                                                    ; --            ; Core8_rsp_xbar_mux              ; --         ;
; IP_TOOL_ENV                         ; Qsys                                                    ; --            ; Core8_rsp_xbar_mux_001          ; --         ;
; IP_TOOL_ENV                         ; Qsys                                                    ; --            ; Core8_switches                  ; --         ;
; IP_TOOL_ENV                         ; Qsys                                                    ; --            ; Core8_timer_0_0                 ; --         ;
; IP_TOOL_ENV                         ; Qsys                                                    ; --            ; altera_avalon_sc_fifo           ; --         ;
; IP_TOOL_ENV                         ; Qsys                                                    ; --            ; altera_merlin_master_agent      ; --         ;
; IP_TOOL_ENV                         ; Qsys                                                    ; --            ; altera_merlin_master_translator ; --         ;
; IP_TOOL_ENV                         ; Qsys                                                    ; --            ; altera_merlin_slave_agent       ; --         ;
; IP_TOOL_ENV                         ; Qsys                                                    ; --            ; altera_merlin_slave_translator  ; --         ;
; IP_TOOL_ENV                         ; Qsys                                                    ; --            ; altera_reset_controller         ; --         ;
; IP_TOOL_NAME                        ; Qsys                                                    ; --            ; --                              ; --         ;
; IP_TOOL_NAME                        ; altera_merlin_router                                    ; --            ; Core8_addr_router               ; --         ;
; IP_TOOL_NAME                        ; altera_merlin_router                                    ; --            ; Core8_addr_router_001           ; --         ;
; IP_TOOL_NAME                        ; altera_merlin_router                                    ; --            ; Core8_addr_router_002           ; --         ;
; IP_TOOL_NAME                        ; altera_merlin_router                                    ; --            ; Core8_addr_router_003           ; --         ;
; IP_TOOL_NAME                        ; altera_merlin_router                                    ; --            ; Core8_addr_router_004           ; --         ;
; IP_TOOL_NAME                        ; altera_merlin_router                                    ; --            ; Core8_addr_router_005           ; --         ;
; IP_TOOL_NAME                        ; altera_merlin_router                                    ; --            ; Core8_addr_router_006           ; --         ;
; IP_TOOL_NAME                        ; altera_merlin_router                                    ; --            ; Core8_addr_router_007           ; --         ;
; IP_TOOL_NAME                        ; altera_merlin_router                                    ; --            ; Core8_addr_router_008           ; --         ;
; IP_TOOL_NAME                        ; altera_merlin_router                                    ; --            ; Core8_addr_router_009           ; --         ;
; IP_TOOL_NAME                        ; altera_merlin_router                                    ; --            ; Core8_addr_router_010           ; --         ;
; IP_TOOL_NAME                        ; altera_merlin_router                                    ; --            ; Core8_addr_router_011           ; --         ;
; IP_TOOL_NAME                        ; altera_merlin_router                                    ; --            ; Core8_addr_router_012           ; --         ;
; IP_TOOL_NAME                        ; altera_merlin_router                                    ; --            ; Core8_addr_router_013           ; --         ;
; IP_TOOL_NAME                        ; altera_merlin_router                                    ; --            ; Core8_addr_router_014           ; --         ;
; IP_TOOL_NAME                        ; altera_merlin_router                                    ; --            ; Core8_addr_router_015           ; --         ;
; IP_TOOL_NAME                        ; altera_merlin_demultiplexer                             ; --            ; Core8_cmd_xbar_demux            ; --         ;
; IP_TOOL_NAME                        ; altera_merlin_demultiplexer                             ; --            ; Core8_cmd_xbar_demux_001        ; --         ;
; IP_TOOL_NAME                        ; altera_merlin_multiplexer                               ; --            ; Core8_cmd_xbar_mux              ; --         ;
; IP_TOOL_NAME                        ; altera_merlin_multiplexer                               ; --            ; Core8_cmd_xbar_mux_002          ; --         ;
; IP_TOOL_NAME                        ; altera_merlin_multiplexer                               ; --            ; Core8_cmd_xbar_mux_005          ; --         ;
; IP_TOOL_NAME                        ; altera_nios2_qsys                                       ; --            ; Core8_cpu_0                     ; --         ;
; IP_TOOL_NAME                        ; altera_nios2_qsys                                       ; --            ; Core8_cpu_1                     ; --         ;
; IP_TOOL_NAME                        ; altera_nios2_qsys                                       ; --            ; Core8_cpu_2                     ; --         ;
; IP_TOOL_NAME                        ; altera_nios2_qsys                                       ; --            ; Core8_cpu_3                     ; --         ;
; IP_TOOL_NAME                        ; altera_nios2_qsys                                       ; --            ; Core8_cpu_4                     ; --         ;
; IP_TOOL_NAME                        ; altera_nios2_qsys                                       ; --            ; Core8_cpu_5                     ; --         ;
; IP_TOOL_NAME                        ; altera_nios2_qsys                                       ; --            ; Core8_cpu_6                     ; --         ;
; IP_TOOL_NAME                        ; altera_nios2_qsys                                       ; --            ; Core8_cpu_7                     ; --         ;
; IP_TOOL_NAME                        ; altera_avalon_fifo                                      ; --            ; Core8_fifo_0_to_1               ; --         ;
; IP_TOOL_NAME                        ; altera_avalon_pio                                       ; --            ; Core8_green_leds                ; --         ;
; IP_TOOL_NAME                        ; altera_merlin_router                                    ; --            ; Core8_id_router                 ; --         ;
; IP_TOOL_NAME                        ; altera_merlin_router                                    ; --            ; Core8_id_router_002             ; --         ;
; IP_TOOL_NAME                        ; altera_merlin_router                                    ; --            ; Core8_id_router_003             ; --         ;
; IP_TOOL_NAME                        ; altera_merlin_router                                    ; --            ; Core8_id_router_005             ; --         ;
; IP_TOOL_NAME                        ; altera_merlin_router                                    ; --            ; Core8_id_router_046             ; --         ;
; IP_TOOL_NAME                        ; altera_merlin_router                                    ; --            ; Core8_id_router_048             ; --         ;
; IP_TOOL_NAME                        ; altera_merlin_router                                    ; --            ; Core8_id_router_080             ; --         ;
; IP_TOOL_NAME                        ; altera_merlin_router                                    ; --            ; Core8_id_router_082             ; --         ;
; IP_TOOL_NAME                        ; altera_merlin_router                                    ; --            ; Core8_id_router_114             ; --         ;
; IP_TOOL_NAME                        ; altera_merlin_router                                    ; --            ; Core8_id_router_116             ; --         ;
; IP_TOOL_NAME                        ; altera_merlin_router                                    ; --            ; Core8_id_router_148             ; --         ;
; IP_TOOL_NAME                        ; altera_merlin_router                                    ; --            ; Core8_id_router_150             ; --         ;
; IP_TOOL_NAME                        ; altera_merlin_router                                    ; --            ; Core8_id_router_182             ; --         ;
; IP_TOOL_NAME                        ; altera_merlin_router                                    ; --            ; Core8_id_router_184             ; --         ;
; IP_TOOL_NAME                        ; altera_merlin_router                                    ; --            ; Core8_id_router_216             ; --         ;
; IP_TOOL_NAME                        ; altera_merlin_router                                    ; --            ; Core8_id_router_218             ; --         ;
; IP_TOOL_NAME                        ; altera_merlin_router                                    ; --            ; Core8_id_router_250             ; --         ;
; IP_TOOL_NAME                        ; altera_merlin_router                                    ; --            ; Core8_id_router_252             ; --         ;
; IP_TOOL_NAME                        ; altera_irq_mapper                                       ; --            ; Core8_irq_mapper                ; --         ;
; IP_TOOL_NAME                        ; altera_avalon_jtag_uart                                 ; --            ; Core8_jtag_uart_0               ; --         ;
; IP_TOOL_NAME                        ; altera_avalon_mutex                                     ; --            ; Core8_mutex_0                   ; --         ;
; IP_TOOL_NAME                        ; altera_avalon_onchip_memory2                            ; --            ; Core8_onchip_memory_0           ; --         ;
; IP_TOOL_NAME                        ; altera_avalon_onchip_memory2                            ; --            ; Core8_onchip_memory_1           ; --         ;
; IP_TOOL_NAME                        ; altera_avalon_onchip_memory2                            ; --            ; Core8_onchip_memory_2           ; --         ;
; IP_TOOL_NAME                        ; altera_avalon_onchip_memory2                            ; --            ; Core8_onchip_memory_3           ; --         ;
; IP_TOOL_NAME                        ; altera_avalon_onchip_memory2                            ; --            ; Core8_onchip_memory_4           ; --         ;
; IP_TOOL_NAME                        ; altera_avalon_onchip_memory2                            ; --            ; Core8_onchip_memory_5           ; --         ;
; IP_TOOL_NAME                        ; altera_avalon_onchip_memory2                            ; --            ; Core8_onchip_memory_6           ; --         ;
; IP_TOOL_NAME                        ; altera_avalon_onchip_memory2                            ; --            ; Core8_onchip_memory_7           ; --         ;
; IP_TOOL_NAME                        ; altera_avalon_onchip_memory2                            ; --            ; Core8_onchip_shared             ; --         ;
; IP_TOOL_NAME                        ; altera_avalon_performance_counter                       ; --            ; Core8_performance_counter_0     ; --         ;
; IP_TOOL_NAME                        ; altera_avalon_pio                                       ; --            ; Core8_red_leds                  ; --         ;
; IP_TOOL_NAME                        ; altera_merlin_demultiplexer                             ; --            ; Core8_rsp_xbar_demux            ; --         ;
; IP_TOOL_NAME                        ; altera_merlin_demultiplexer                             ; --            ; Core8_rsp_xbar_demux_002        ; --         ;
; IP_TOOL_NAME                        ; altera_merlin_demultiplexer                             ; --            ; Core8_rsp_xbar_demux_003        ; --         ;
; IP_TOOL_NAME                        ; altera_merlin_demultiplexer                             ; --            ; Core8_rsp_xbar_demux_005        ; --         ;
; IP_TOOL_NAME                        ; altera_merlin_multiplexer                               ; --            ; Core8_rsp_xbar_mux              ; --         ;
; IP_TOOL_NAME                        ; altera_merlin_multiplexer                               ; --            ; Core8_rsp_xbar_mux_001          ; --         ;
; IP_TOOL_NAME                        ; altera_avalon_pio                                       ; --            ; Core8_switches                  ; --         ;
; IP_TOOL_NAME                        ; altera_avalon_timer                                     ; --            ; Core8_timer_0_0                 ; --         ;
; IP_TOOL_NAME                        ; altera_avalon_sc_fifo                                   ; --            ; altera_avalon_sc_fifo           ; --         ;
; IP_TOOL_NAME                        ; altera_merlin_master_agent                              ; --            ; altera_merlin_master_agent      ; --         ;
; IP_TOOL_NAME                        ; altera_merlin_master_translator                         ; --            ; altera_merlin_master_translator ; --         ;
; IP_TOOL_NAME                        ; altera_merlin_slave_agent                               ; --            ; altera_merlin_slave_agent       ; --         ;
; IP_TOOL_NAME                        ; altera_merlin_slave_translator                          ; --            ; altera_merlin_slave_translator  ; --         ;
; IP_TOOL_NAME                        ; altera_reset_controller                                 ; --            ; altera_reset_controller         ; --         ;
; IP_TOOL_VERSION                     ; 13.0sp1                                                 ; --            ; --                              ; --         ;
; IP_TOOL_VERSION                     ; 13.0                                                    ; --            ; Core8_addr_router               ; --         ;
; IP_TOOL_VERSION                     ; 13.0                                                    ; --            ; Core8_addr_router_001           ; --         ;
; IP_TOOL_VERSION                     ; 13.0                                                    ; --            ; Core8_addr_router_002           ; --         ;
; IP_TOOL_VERSION                     ; 13.0                                                    ; --            ; Core8_addr_router_003           ; --         ;
; IP_TOOL_VERSION                     ; 13.0                                                    ; --            ; Core8_addr_router_004           ; --         ;
; IP_TOOL_VERSION                     ; 13.0                                                    ; --            ; Core8_addr_router_005           ; --         ;
; IP_TOOL_VERSION                     ; 13.0                                                    ; --            ; Core8_addr_router_006           ; --         ;
; IP_TOOL_VERSION                     ; 13.0                                                    ; --            ; Core8_addr_router_007           ; --         ;
; IP_TOOL_VERSION                     ; 13.0                                                    ; --            ; Core8_addr_router_008           ; --         ;
; IP_TOOL_VERSION                     ; 13.0                                                    ; --            ; Core8_addr_router_009           ; --         ;
; IP_TOOL_VERSION                     ; 13.0                                                    ; --            ; Core8_addr_router_010           ; --         ;
; IP_TOOL_VERSION                     ; 13.0                                                    ; --            ; Core8_addr_router_011           ; --         ;
; IP_TOOL_VERSION                     ; 13.0                                                    ; --            ; Core8_addr_router_012           ; --         ;
; IP_TOOL_VERSION                     ; 13.0                                                    ; --            ; Core8_addr_router_013           ; --         ;
; IP_TOOL_VERSION                     ; 13.0                                                    ; --            ; Core8_addr_router_014           ; --         ;
; IP_TOOL_VERSION                     ; 13.0                                                    ; --            ; Core8_addr_router_015           ; --         ;
; IP_TOOL_VERSION                     ; 13.0                                                    ; --            ; Core8_cmd_xbar_demux            ; --         ;
; IP_TOOL_VERSION                     ; 13.0                                                    ; --            ; Core8_cmd_xbar_demux_001        ; --         ;
; IP_TOOL_VERSION                     ; 13.0                                                    ; --            ; Core8_cmd_xbar_mux              ; --         ;
; IP_TOOL_VERSION                     ; 13.0                                                    ; --            ; Core8_cmd_xbar_mux_002          ; --         ;
; IP_TOOL_VERSION                     ; 13.0                                                    ; --            ; Core8_cmd_xbar_mux_005          ; --         ;
; IP_TOOL_VERSION                     ; 13.0                                                    ; --            ; Core8_cpu_0                     ; --         ;
; IP_TOOL_VERSION                     ; 13.0                                                    ; --            ; Core8_cpu_1                     ; --         ;
; IP_TOOL_VERSION                     ; 13.0                                                    ; --            ; Core8_cpu_2                     ; --         ;
; IP_TOOL_VERSION                     ; 13.0                                                    ; --            ; Core8_cpu_3                     ; --         ;
; IP_TOOL_VERSION                     ; 13.0                                                    ; --            ; Core8_cpu_4                     ; --         ;
; IP_TOOL_VERSION                     ; 13.0                                                    ; --            ; Core8_cpu_5                     ; --         ;
; IP_TOOL_VERSION                     ; 13.0                                                    ; --            ; Core8_cpu_6                     ; --         ;
; IP_TOOL_VERSION                     ; 13.0                                                    ; --            ; Core8_cpu_7                     ; --         ;
; IP_TOOL_VERSION                     ; 13.0.1.99.2                                             ; --            ; Core8_fifo_0_to_1               ; --         ;
; IP_TOOL_VERSION                     ; 13.0.1.99.2                                             ; --            ; Core8_green_leds                ; --         ;
; IP_TOOL_VERSION                     ; 13.0                                                    ; --            ; Core8_id_router                 ; --         ;
; IP_TOOL_VERSION                     ; 13.0                                                    ; --            ; Core8_id_router_002             ; --         ;
; IP_TOOL_VERSION                     ; 13.0                                                    ; --            ; Core8_id_router_003             ; --         ;
; IP_TOOL_VERSION                     ; 13.0                                                    ; --            ; Core8_id_router_005             ; --         ;
; IP_TOOL_VERSION                     ; 13.0                                                    ; --            ; Core8_id_router_046             ; --         ;
; IP_TOOL_VERSION                     ; 13.0                                                    ; --            ; Core8_id_router_048             ; --         ;
; IP_TOOL_VERSION                     ; 13.0                                                    ; --            ; Core8_id_router_080             ; --         ;
; IP_TOOL_VERSION                     ; 13.0                                                    ; --            ; Core8_id_router_082             ; --         ;
; IP_TOOL_VERSION                     ; 13.0                                                    ; --            ; Core8_id_router_114             ; --         ;
; IP_TOOL_VERSION                     ; 13.0                                                    ; --            ; Core8_id_router_116             ; --         ;
; IP_TOOL_VERSION                     ; 13.0                                                    ; --            ; Core8_id_router_148             ; --         ;
; IP_TOOL_VERSION                     ; 13.0                                                    ; --            ; Core8_id_router_150             ; --         ;
; IP_TOOL_VERSION                     ; 13.0                                                    ; --            ; Core8_id_router_182             ; --         ;
; IP_TOOL_VERSION                     ; 13.0                                                    ; --            ; Core8_id_router_184             ; --         ;
; IP_TOOL_VERSION                     ; 13.0                                                    ; --            ; Core8_id_router_216             ; --         ;
; IP_TOOL_VERSION                     ; 13.0                                                    ; --            ; Core8_id_router_218             ; --         ;
; IP_TOOL_VERSION                     ; 13.0                                                    ; --            ; Core8_id_router_250             ; --         ;
; IP_TOOL_VERSION                     ; 13.0                                                    ; --            ; Core8_id_router_252             ; --         ;
; IP_TOOL_VERSION                     ; 13.0                                                    ; --            ; Core8_irq_mapper                ; --         ;
; IP_TOOL_VERSION                     ; 13.0.1.99.2                                             ; --            ; Core8_jtag_uart_0               ; --         ;
; IP_TOOL_VERSION                     ; 13.0.1.99.2                                             ; --            ; Core8_mutex_0                   ; --         ;
; IP_TOOL_VERSION                     ; 13.0.1.99.2                                             ; --            ; Core8_onchip_memory_0           ; --         ;
; IP_TOOL_VERSION                     ; 13.0.1.99.2                                             ; --            ; Core8_onchip_memory_1           ; --         ;
; IP_TOOL_VERSION                     ; 13.0.1.99.2                                             ; --            ; Core8_onchip_memory_2           ; --         ;
; IP_TOOL_VERSION                     ; 13.0.1.99.2                                             ; --            ; Core8_onchip_memory_3           ; --         ;
; IP_TOOL_VERSION                     ; 13.0.1.99.2                                             ; --            ; Core8_onchip_memory_4           ; --         ;
; IP_TOOL_VERSION                     ; 13.0.1.99.2                                             ; --            ; Core8_onchip_memory_5           ; --         ;
; IP_TOOL_VERSION                     ; 13.0.1.99.2                                             ; --            ; Core8_onchip_memory_6           ; --         ;
; IP_TOOL_VERSION                     ; 13.0.1.99.2                                             ; --            ; Core8_onchip_memory_7           ; --         ;
; IP_TOOL_VERSION                     ; 13.0.1.99.2                                             ; --            ; Core8_onchip_shared             ; --         ;
; IP_TOOL_VERSION                     ; 13.0.1.99.2                                             ; --            ; Core8_performance_counter_0     ; --         ;
; IP_TOOL_VERSION                     ; 13.0.1.99.2                                             ; --            ; Core8_red_leds                  ; --         ;
; IP_TOOL_VERSION                     ; 13.0                                                    ; --            ; Core8_rsp_xbar_demux            ; --         ;
; IP_TOOL_VERSION                     ; 13.0                                                    ; --            ; Core8_rsp_xbar_demux_002        ; --         ;
; IP_TOOL_VERSION                     ; 13.0                                                    ; --            ; Core8_rsp_xbar_demux_003        ; --         ;
; IP_TOOL_VERSION                     ; 13.0                                                    ; --            ; Core8_rsp_xbar_demux_005        ; --         ;
; IP_TOOL_VERSION                     ; 13.0                                                    ; --            ; Core8_rsp_xbar_mux              ; --         ;
; IP_TOOL_VERSION                     ; 13.0                                                    ; --            ; Core8_rsp_xbar_mux_001          ; --         ;
; IP_TOOL_VERSION                     ; 13.0.1.99.2                                             ; --            ; Core8_switches                  ; --         ;
; IP_TOOL_VERSION                     ; 13.0.1.99.2                                             ; --            ; Core8_timer_0_0                 ; --         ;
; IP_TOOL_VERSION                     ; 13.0                                                    ; --            ; altera_avalon_sc_fifo           ; --         ;
; IP_TOOL_VERSION                     ; 13.0                                                    ; --            ; altera_merlin_master_agent      ; --         ;
; IP_TOOL_VERSION                     ; 13.0                                                    ; --            ; altera_merlin_master_translator ; --         ;
; IP_TOOL_VERSION                     ; 13.0                                                    ; --            ; altera_merlin_slave_agent       ; --         ;
; IP_TOOL_VERSION                     ; 13.0                                                    ; --            ; altera_merlin_slave_translator  ; --         ;
; IP_TOOL_VERSION                     ; 13.0                                                    ; --            ; altera_reset_controller         ; --         ;
; MAX_CORE_JUNCTION_TEMP              ; 85                                                      ; --            ; --                              ; --         ;
; MIN_CORE_JUNCTION_TEMP              ; 0                                                       ; --            ; --                              ; --         ;
; MISC_FILE                           ; Core8/synthesis/../../Core8.cmp                         ; --            ; --                              ; --         ;
; MISC_FILE                           ; Core8/synthesis/../../Core8.qsys                        ; --            ; --                              ; --         ;
; NOMINAL_CORE_SUPPLY_VOLTAGE         ; 1.2V                                                    ; --            ; --                              ; --         ;
; PARTITION_COLOR                     ; 16764057                                                ; --            ; --                              ; Top        ;
; PARTITION_FITTER_PRESERVATION_LEVEL ; PLACEMENT_AND_ROUTING                                   ; --            ; --                              ; Top        ;
; PARTITION_NETLIST_TYPE              ; SOURCE                                                  ; --            ; --                              ; Top        ;
; POWER_BOARD_THERMAL_MODEL           ; None (CONSERVATIVE)                                     ; --            ; --                              ; --         ;
; POWER_PRESET_COOLING_SOLUTION       ; 23 MM HEAT SINK WITH 200 LFPM AIRFLOW                   ; --            ; --                              ; --         ;
; PROJECT_OUTPUT_DIRECTORY            ; output_files                                            ; --            ; --                              ; --         ;
; RTLV_SIMPLIFIED_LOGIC               ; Off                                                     ; On            ; --                              ; --         ;
; SLD_INFO                            ; QSYS_NAME Core8 HAS_SOPCINFO 1 GENERATION_ID 1623005041 ; --            ; --                              ; --         ;
; SOPCINFO_FILE                       ; Core8/synthesis/../../Core8.sopcinfo                    ; --            ; --                              ; --         ;
; SYNTHESIS_ONLY_QIP                  ; On                                                      ; --            ; --                              ; --         ;
+-------------------------------------+---------------------------------------------------------+---------------+---------------------------------+------------+


+-------------------------------------------------------------------------------------------------------------------------------+
; Flow Elapsed Time                                                                                                             ;
+---------------------------+--------------+-------------------------+---------------------+------------------------------------+
; Module Name               ; Elapsed Time ; Average Processors Used ; Peak Virtual Memory ; Total CPU Time (on all processors) ;
+---------------------------+--------------+-------------------------+---------------------+------------------------------------+
; Analysis & Synthesis      ; 00:06:16     ; 1.0                     ; 7664 MB             ; 00:06:15                           ;
; Fitter                    ; 00:02:17     ; 2.1                     ; 6266 MB             ; 00:03:50                           ;
; Assembler                 ; 00:00:07     ; 1.0                     ; 4804 MB             ; 00:00:07                           ;
; TimeQuest Timing Analyzer ; 00:00:16     ; 1.5                     ; 5391 MB             ; 00:00:19                           ;
; Total                     ; 00:08:56     ; --                      ; --                  ; 00:10:31                           ;
+---------------------------+--------------+-------------------------+---------------------+------------------------------------+


+----------------------------------------------------------------------------------------+
; Flow OS Summary                                                                        ;
+---------------------------+------------------+-----------+------------+----------------+
; Module Name               ; Machine Hostname ; OS Name   ; OS Version ; Processor type ;
+---------------------------+------------------+-----------+------------+----------------+
; Analysis & Synthesis      ; DESKTOP-GG83KMP  ; Windows 7 ; 6.2        ; x86_64         ;
; Fitter                    ; DESKTOP-GG83KMP  ; Windows 7 ; 6.2        ; x86_64         ;
; Assembler                 ; DESKTOP-GG83KMP  ; Windows 7 ; 6.2        ; x86_64         ;
; TimeQuest Timing Analyzer ; DESKTOP-GG83KMP  ; Windows 7 ; 6.2        ; x86_64         ;
+---------------------------+------------------+-----------+------------+----------------+


------------
; Flow Log ;
------------
quartus_map --read_settings_files=on --write_settings_files=off Core8 -c Core8
quartus_fit --read_settings_files=off --write_settings_files=off Core8 -c Core8
quartus_asm --read_settings_files=off --write_settings_files=off Core8 -c Core8
quartus_sta Core8 -c Core8



