Flow report for Core5
Fri May 28 02:29:17 2021
Quartus II 64-Bit Version 13.0.1 Build 232 06/12/2013 Service Pack 1 SJ Web Edition


---------------------
; Table of Contents ;
---------------------
  1. Legal Notice
  2. Flow Summary
  3. Flow Settings
  4. Flow Non-Default Global Settings
  5. Flow Elapsed Time
  6. Flow OS Summary
  7. Flow Log
  8. Flow Messages
  9. Flow Suppressed Messages



----------------
; Legal Notice ;
----------------
Copyright (C) 1991-2013 Altera Corporation
Your use of Altera Corporation's design tools, logic functions 
and other software and tools, and its AMPP partner logic 
functions, and any output files from any of the foregoing 
(including device programming or simulation files), and any 
associated documentation or information are expressly subject 
to the terms and conditions of the Altera Program License 
Subscription Agreement, Altera MegaCore Function License 
Agreement, or other applicable license agreement, including, 
without limitation, that your use is for the sole purpose of 
programming logic devices manufactured by Altera and sold by 
Altera or its authorized distributors.  Please refer to the 
applicable agreement for further details.



+--------------------------------------------------------------------------------------+
; Flow Summary                                                                         ;
+------------------------------------+-------------------------------------------------+
; Flow Status                        ; Successful - Fri May 28 02:29:05 2021           ;
; Quartus II 64-Bit Version          ; 13.0.1 Build 232 06/12/2013 SP 1 SJ Web Edition ;
; Revision Name                      ; Core5                                           ;
; Top-level Entity Name              ; Core5                                           ;
; Family                             ; Cyclone IV E                                    ;
; Device                             ; EP4CE115F29C7                                   ;
; Timing Models                      ; Final                                           ;
; Total logic elements               ; 25,412 / 114,480 ( 22 % )                       ;
;     Total combinational functions  ; 24,142 / 114,480 ( 21 % )                       ;
;     Dedicated logic registers      ; 14,256 / 114,480 ( 12 % )                       ;
; Total registers                    ; 14256                                           ;
; Total pins                         ; 46 / 529 ( 9 % )                                ;
; Total virtual pins                 ; 0                                               ;
; Total memory bits                  ; 1,901,568 / 3,981,312 ( 48 % )                  ;
; Embedded Multiplier 9-bit elements ; 0 / 532 ( 0 % )                                 ;
; Total PLLs                         ; 0 / 4 ( 0 % )                                   ;
+------------------------------------+-------------------------------------------------+


+-----------------------------------------+
; Flow Settings                           ;
+-------------------+---------------------+
; Option            ; Setting             ;
+-------------------+---------------------+
; Start date & time ; 05/28/2021 02:25:23 ;
; Main task         ; Compilation         ;
; Revision Name     ; Core5               ;
+-------------------+---------------------+


+--------------------------------------------------------------------------------------------------------------------------------------------------------------+
; Flow Non-Default Global Settings                                                                                                                             ;
+-------------------------------------+---------------------------------------------------------+---------------+---------------------------------+------------+
; Assignment Name                     ; Value                                                   ; Default Value ; Entity Name                     ; Section Id ;
+-------------------------------------+---------------------------------------------------------+---------------+---------------------------------+------------+
; COMPILER_SIGNATURE_ID               ; 247207016683614.162216152332800                         ; --            ; --                              ; --         ;
; IP_TOOL_ENV                         ; Qsys                                                    ; --            ; --                              ; --         ;
; IP_TOOL_ENV                         ; Qsys                                                    ; --            ; Core5_addr_router               ; --         ;
; IP_TOOL_ENV                         ; Qsys                                                    ; --            ; Core5_addr_router_001           ; --         ;
; IP_TOOL_ENV                         ; Qsys                                                    ; --            ; Core5_addr_router_002           ; --         ;
; IP_TOOL_ENV                         ; Qsys                                                    ; --            ; Core5_addr_router_003           ; --         ;
; IP_TOOL_ENV                         ; Qsys                                                    ; --            ; Core5_addr_router_004           ; --         ;
; IP_TOOL_ENV                         ; Qsys                                                    ; --            ; Core5_addr_router_005           ; --         ;
; IP_TOOL_ENV                         ; Qsys                                                    ; --            ; Core5_addr_router_006           ; --         ;
; IP_TOOL_ENV                         ; Qsys                                                    ; --            ; Core5_addr_router_007           ; --         ;
; IP_TOOL_ENV                         ; Qsys                                                    ; --            ; Core5_addr_router_008           ; --         ;
; IP_TOOL_ENV                         ; Qsys                                                    ; --            ; Core5_addr_router_009           ; --         ;
; IP_TOOL_ENV                         ; Qsys                                                    ; --            ; Core5_cmd_xbar_demux            ; --         ;
; IP_TOOL_ENV                         ; Qsys                                                    ; --            ; Core5_cmd_xbar_demux_001        ; --         ;
; IP_TOOL_ENV                         ; Qsys                                                    ; --            ; Core5_cmd_xbar_mux              ; --         ;
; IP_TOOL_ENV                         ; Qsys                                                    ; --            ; Core5_cmd_xbar_mux_002          ; --         ;
; IP_TOOL_ENV                         ; Qsys                                                    ; --            ; Core5_cmd_xbar_mux_005          ; --         ;
; IP_TOOL_ENV                         ; Qsys                                                    ; --            ; Core5_cpu_0                     ; --         ;
; IP_TOOL_ENV                         ; Qsys                                                    ; --            ; Core5_cpu_1                     ; --         ;
; IP_TOOL_ENV                         ; Qsys                                                    ; --            ; Core5_cpu_2                     ; --         ;
; IP_TOOL_ENV                         ; Qsys                                                    ; --            ; Core5_cpu_3                     ; --         ;
; IP_TOOL_ENV                         ; Qsys                                                    ; --            ; Core5_cpu_4                     ; --         ;
; IP_TOOL_ENV                         ; Qsys                                                    ; --            ; Core5_fifo_0_to_1               ; --         ;
; IP_TOOL_ENV                         ; Qsys                                                    ; --            ; Core5_green_leds                ; --         ;
; IP_TOOL_ENV                         ; Qsys                                                    ; --            ; Core5_id_router                 ; --         ;
; IP_TOOL_ENV                         ; Qsys                                                    ; --            ; Core5_id_router_002             ; --         ;
; IP_TOOL_ENV                         ; Qsys                                                    ; --            ; Core5_id_router_003             ; --         ;
; IP_TOOL_ENV                         ; Qsys                                                    ; --            ; Core5_id_router_005             ; --         ;
; IP_TOOL_ENV                         ; Qsys                                                    ; --            ; Core5_id_router_034             ; --         ;
; IP_TOOL_ENV                         ; Qsys                                                    ; --            ; Core5_id_router_036             ; --         ;
; IP_TOOL_ENV                         ; Qsys                                                    ; --            ; Core5_id_router_056             ; --         ;
; IP_TOOL_ENV                         ; Qsys                                                    ; --            ; Core5_id_router_058             ; --         ;
; IP_TOOL_ENV                         ; Qsys                                                    ; --            ; Core5_id_router_078             ; --         ;
; IP_TOOL_ENV                         ; Qsys                                                    ; --            ; Core5_id_router_080             ; --         ;
; IP_TOOL_ENV                         ; Qsys                                                    ; --            ; Core5_id_router_100             ; --         ;
; IP_TOOL_ENV                         ; Qsys                                                    ; --            ; Core5_id_router_102             ; --         ;
; IP_TOOL_ENV                         ; Qsys                                                    ; --            ; Core5_irq_mapper                ; --         ;
; IP_TOOL_ENV                         ; Qsys                                                    ; --            ; Core5_jtag_uart_0               ; --         ;
; IP_TOOL_ENV                         ; Qsys                                                    ; --            ; Core5_mutex_0                   ; --         ;
; IP_TOOL_ENV                         ; Qsys                                                    ; --            ; Core5_onchip_memory_0           ; --         ;
; IP_TOOL_ENV                         ; Qsys                                                    ; --            ; Core5_onchip_memory_1           ; --         ;
; IP_TOOL_ENV                         ; Qsys                                                    ; --            ; Core5_onchip_memory_2           ; --         ;
; IP_TOOL_ENV                         ; Qsys                                                    ; --            ; Core5_onchip_memory_3           ; --         ;
; IP_TOOL_ENV                         ; Qsys                                                    ; --            ; Core5_onchip_memory_4           ; --         ;
; IP_TOOL_ENV                         ; Qsys                                                    ; --            ; Core5_onchip_shared             ; --         ;
; IP_TOOL_ENV                         ; Qsys                                                    ; --            ; Core5_performance_counter_0     ; --         ;
; IP_TOOL_ENV                         ; Qsys                                                    ; --            ; Core5_red_leds                  ; --         ;
; IP_TOOL_ENV                         ; Qsys                                                    ; --            ; Core5_rsp_xbar_demux            ; --         ;
; IP_TOOL_ENV                         ; Qsys                                                    ; --            ; Core5_rsp_xbar_demux_002        ; --         ;
; IP_TOOL_ENV                         ; Qsys                                                    ; --            ; Core5_rsp_xbar_demux_003        ; --         ;
; IP_TOOL_ENV                         ; Qsys                                                    ; --            ; Core5_rsp_xbar_demux_005        ; --         ;
; IP_TOOL_ENV                         ; Qsys                                                    ; --            ; Core5_rsp_xbar_mux              ; --         ;
; IP_TOOL_ENV                         ; Qsys                                                    ; --            ; Core5_rsp_xbar_mux_001          ; --         ;
; IP_TOOL_ENV                         ; Qsys                                                    ; --            ; Core5_switches                  ; --         ;
; IP_TOOL_ENV                         ; Qsys                                                    ; --            ; Core5_timer_0_0                 ; --         ;
; IP_TOOL_ENV                         ; Qsys                                                    ; --            ; altera_avalon_sc_fifo           ; --         ;
; IP_TOOL_ENV                         ; Qsys                                                    ; --            ; altera_merlin_master_agent      ; --         ;
; IP_TOOL_ENV                         ; Qsys                                                    ; --            ; altera_merlin_master_translator ; --         ;
; IP_TOOL_ENV                         ; Qsys                                                    ; --            ; altera_merlin_slave_agent       ; --         ;
; IP_TOOL_ENV                         ; Qsys                                                    ; --            ; altera_merlin_slave_translator  ; --         ;
; IP_TOOL_ENV                         ; Qsys                                                    ; --            ; altera_reset_controller         ; --         ;
; IP_TOOL_NAME                        ; Qsys                                                    ; --            ; --                              ; --         ;
; IP_TOOL_NAME                        ; altera_merlin_router                                    ; --            ; Core5_addr_router               ; --         ;
; IP_TOOL_NAME                        ; altera_merlin_router                                    ; --            ; Core5_addr_router_001           ; --         ;
; IP_TOOL_NAME                        ; altera_merlin_router                                    ; --            ; Core5_addr_router_002           ; --         ;
; IP_TOOL_NAME                        ; altera_merlin_router                                    ; --            ; Core5_addr_router_003           ; --         ;
; IP_TOOL_NAME                        ; altera_merlin_router                                    ; --            ; Core5_addr_router_004           ; --         ;
; IP_TOOL_NAME                        ; altera_merlin_router                                    ; --            ; Core5_addr_router_005           ; --         ;
; IP_TOOL_NAME                        ; altera_merlin_router                                    ; --            ; Core5_addr_router_006           ; --         ;
; IP_TOOL_NAME                        ; altera_merlin_router                                    ; --            ; Core5_addr_router_007           ; --         ;
; IP_TOOL_NAME                        ; altera_merlin_router                                    ; --            ; Core5_addr_router_008           ; --         ;
; IP_TOOL_NAME                        ; altera_merlin_router                                    ; --            ; Core5_addr_router_009           ; --         ;
; IP_TOOL_NAME                        ; altera_merlin_demultiplexer                             ; --            ; Core5_cmd_xbar_demux            ; --         ;
; IP_TOOL_NAME                        ; altera_merlin_demultiplexer                             ; --            ; Core5_cmd_xbar_demux_001        ; --         ;
; IP_TOOL_NAME                        ; altera_merlin_multiplexer                               ; --            ; Core5_cmd_xbar_mux              ; --         ;
; IP_TOOL_NAME                        ; altera_merlin_multiplexer                               ; --            ; Core5_cmd_xbar_mux_002          ; --         ;
; IP_TOOL_NAME                        ; altera_merlin_multiplexer                               ; --            ; Core5_cmd_xbar_mux_005          ; --         ;
; IP_TOOL_NAME                        ; altera_nios2_qsys                                       ; --            ; Core5_cpu_0                     ; --         ;
; IP_TOOL_NAME                        ; altera_nios2_qsys                                       ; --            ; Core5_cpu_1                     ; --         ;
; IP_TOOL_NAME                        ; altera_nios2_qsys                                       ; --            ; Core5_cpu_2                     ; --         ;
; IP_TOOL_NAME                        ; altera_nios2_qsys                                       ; --            ; Core5_cpu_3                     ; --         ;
; IP_TOOL_NAME                        ; altera_nios2_qsys                                       ; --            ; Core5_cpu_4                     ; --         ;
; IP_TOOL_NAME                        ; altera_avalon_fifo                                      ; --            ; Core5_fifo_0_to_1               ; --         ;
; IP_TOOL_NAME                        ; altera_avalon_pio                                       ; --            ; Core5_green_leds                ; --         ;
; IP_TOOL_NAME                        ; altera_merlin_router                                    ; --            ; Core5_id_router                 ; --         ;
; IP_TOOL_NAME                        ; altera_merlin_router                                    ; --            ; Core5_id_router_002             ; --         ;
; IP_TOOL_NAME                        ; altera_merlin_router                                    ; --            ; Core5_id_router_003             ; --         ;
; IP_TOOL_NAME                        ; altera_merlin_router                                    ; --            ; Core5_id_router_005             ; --         ;
; IP_TOOL_NAME                        ; altera_merlin_router                                    ; --            ; Core5_id_router_034             ; --         ;
; IP_TOOL_NAME                        ; altera_merlin_router                                    ; --            ; Core5_id_router_036             ; --         ;
; IP_TOOL_NAME                        ; altera_merlin_router                                    ; --            ; Core5_id_router_056             ; --         ;
; IP_TOOL_NAME                        ; altera_merlin_router                                    ; --            ; Core5_id_router_058             ; --         ;
; IP_TOOL_NAME                        ; altera_merlin_router                                    ; --            ; Core5_id_router_078             ; --         ;
; IP_TOOL_NAME                        ; altera_merlin_router                                    ; --            ; Core5_id_router_080             ; --         ;
; IP_TOOL_NAME                        ; altera_merlin_router                                    ; --            ; Core5_id_router_100             ; --         ;
; IP_TOOL_NAME                        ; altera_merlin_router                                    ; --            ; Core5_id_router_102             ; --         ;
; IP_TOOL_NAME                        ; altera_irq_mapper                                       ; --            ; Core5_irq_mapper                ; --         ;
; IP_TOOL_NAME                        ; altera_avalon_jtag_uart                                 ; --            ; Core5_jtag_uart_0               ; --         ;
; IP_TOOL_NAME                        ; altera_avalon_mutex                                     ; --            ; Core5_mutex_0                   ; --         ;
; IP_TOOL_NAME                        ; altera_avalon_onchip_memory2                            ; --            ; Core5_onchip_memory_0           ; --         ;
; IP_TOOL_NAME                        ; altera_avalon_onchip_memory2                            ; --            ; Core5_onchip_memory_1           ; --         ;
; IP_TOOL_NAME                        ; altera_avalon_onchip_memory2                            ; --            ; Core5_onchip_memory_2           ; --         ;
; IP_TOOL_NAME                        ; altera_avalon_onchip_memory2                            ; --            ; Core5_onchip_memory_3           ; --         ;
; IP_TOOL_NAME                        ; altera_avalon_onchip_memory2                            ; --            ; Core5_onchip_memory_4           ; --         ;
; IP_TOOL_NAME                        ; altera_avalon_onchip_memory2                            ; --            ; Core5_onchip_shared             ; --         ;
; IP_TOOL_NAME                        ; altera_avalon_performance_counter                       ; --            ; Core5_performance_counter_0     ; --         ;
; IP_TOOL_NAME                        ; altera_avalon_pio                                       ; --            ; Core5_red_leds                  ; --         ;
; IP_TOOL_NAME                        ; altera_merlin_demultiplexer                             ; --            ; Core5_rsp_xbar_demux            ; --         ;
; IP_TOOL_NAME                        ; altera_merlin_demultiplexer                             ; --            ; Core5_rsp_xbar_demux_002        ; --         ;
; IP_TOOL_NAME                        ; altera_merlin_demultiplexer                             ; --            ; Core5_rsp_xbar_demux_003        ; --         ;
; IP_TOOL_NAME                        ; altera_merlin_demultiplexer                             ; --            ; Core5_rsp_xbar_demux_005        ; --         ;
; IP_TOOL_NAME                        ; altera_merlin_multiplexer                               ; --            ; Core5_rsp_xbar_mux              ; --         ;
; IP_TOOL_NAME                        ; altera_merlin_multiplexer                               ; --            ; Core5_rsp_xbar_mux_001          ; --         ;
; IP_TOOL_NAME                        ; altera_avalon_pio                                       ; --            ; Core5_switches                  ; --         ;
; IP_TOOL_NAME                        ; altera_avalon_timer                                     ; --            ; Core5_timer_0_0                 ; --         ;
; IP_TOOL_NAME                        ; altera_avalon_sc_fifo                                   ; --            ; altera_avalon_sc_fifo           ; --         ;
; IP_TOOL_NAME                        ; altera_merlin_master_agent                              ; --            ; altera_merlin_master_agent      ; --         ;
; IP_TOOL_NAME                        ; altera_merlin_master_translator                         ; --            ; altera_merlin_master_translator ; --         ;
; IP_TOOL_NAME                        ; altera_merlin_slave_agent                               ; --            ; altera_merlin_slave_agent       ; --         ;
; IP_TOOL_NAME                        ; altera_merlin_slave_translator                          ; --            ; altera_merlin_slave_translator  ; --         ;
; IP_TOOL_NAME                        ; altera_reset_controller                                 ; --            ; altera_reset_controller         ; --         ;
; IP_TOOL_VERSION                     ; 13.0sp1                                                 ; --            ; --                              ; --         ;
; IP_TOOL_VERSION                     ; 13.0                                                    ; --            ; Core5_addr_router               ; --         ;
; IP_TOOL_VERSION                     ; 13.0                                                    ; --            ; Core5_addr_router_001           ; --         ;
; IP_TOOL_VERSION                     ; 13.0                                                    ; --            ; Core5_addr_router_002           ; --         ;
; IP_TOOL_VERSION                     ; 13.0                                                    ; --            ; Core5_addr_router_003           ; --         ;
; IP_TOOL_VERSION                     ; 13.0                                                    ; --            ; Core5_addr_router_004           ; --         ;
; IP_TOOL_VERSION                     ; 13.0                                                    ; --            ; Core5_addr_router_005           ; --         ;
; IP_TOOL_VERSION                     ; 13.0                                                    ; --            ; Core5_addr_router_006           ; --         ;
; IP_TOOL_VERSION                     ; 13.0                                                    ; --            ; Core5_addr_router_007           ; --         ;
; IP_TOOL_VERSION                     ; 13.0                                                    ; --            ; Core5_addr_router_008           ; --         ;
; IP_TOOL_VERSION                     ; 13.0                                                    ; --            ; Core5_addr_router_009           ; --         ;
; IP_TOOL_VERSION                     ; 13.0                                                    ; --            ; Core5_cmd_xbar_demux            ; --         ;
; IP_TOOL_VERSION                     ; 13.0                                                    ; --            ; Core5_cmd_xbar_demux_001        ; --         ;
; IP_TOOL_VERSION                     ; 13.0                                                    ; --            ; Core5_cmd_xbar_mux              ; --         ;
; IP_TOOL_VERSION                     ; 13.0                                                    ; --            ; Core5_cmd_xbar_mux_002          ; --         ;
; IP_TOOL_VERSION                     ; 13.0                                                    ; --            ; Core5_cmd_xbar_mux_005          ; --         ;
; IP_TOOL_VERSION                     ; 13.0                                                    ; --            ; Core5_cpu_0                     ; --         ;
; IP_TOOL_VERSION                     ; 13.0                                                    ; --            ; Core5_cpu_1                     ; --         ;
; IP_TOOL_VERSION                     ; 13.0                                                    ; --            ; Core5_cpu_2                     ; --         ;
; IP_TOOL_VERSION                     ; 13.0                                                    ; --            ; Core5_cpu_3                     ; --         ;
; IP_TOOL_VERSION                     ; 13.0                                                    ; --            ; Core5_cpu_4                     ; --         ;
; IP_TOOL_VERSION                     ; 13.0.1.99.2                                             ; --            ; Core5_fifo_0_to_1               ; --         ;
; IP_TOOL_VERSION                     ; 13.0.1.99.2                                             ; --            ; Core5_green_leds                ; --         ;
; IP_TOOL_VERSION                     ; 13.0                                                    ; --            ; Core5_id_router                 ; --         ;
; IP_TOOL_VERSION                     ; 13.0                                                    ; --            ; Core5_id_router_002             ; --         ;
; IP_TOOL_VERSION                     ; 13.0                                                    ; --            ; Core5_id_router_003             ; --         ;
; IP_TOOL_VERSION                     ; 13.0                                                    ; --            ; Core5_id_router_005             ; --         ;
; IP_TOOL_VERSION                     ; 13.0                                                    ; --            ; Core5_id_router_034             ; --         ;
; IP_TOOL_VERSION                     ; 13.0                                                    ; --            ; Core5_id_router_036             ; --         ;
; IP_TOOL_VERSION                     ; 13.0                                                    ; --            ; Core5_id_router_056             ; --         ;
; IP_TOOL_VERSION                     ; 13.0                                                    ; --            ; Core5_id_router_058             ; --         ;
; IP_TOOL_VERSION                     ; 13.0                                                    ; --            ; Core5_id_router_078             ; --         ;
; IP_TOOL_VERSION                     ; 13.0                                                    ; --            ; Core5_id_router_080             ; --         ;
; IP_TOOL_VERSION                     ; 13.0                                                    ; --            ; Core5_id_router_100             ; --         ;
; IP_TOOL_VERSION                     ; 13.0                                                    ; --            ; Core5_id_router_102             ; --         ;
; IP_TOOL_VERSION                     ; 13.0                                                    ; --            ; Core5_irq_mapper                ; --         ;
; IP_TOOL_VERSION                     ; 13.0.1.99.2                                             ; --            ; Core5_jtag_uart_0               ; --         ;
; IP_TOOL_VERSION                     ; 13.0.1.99.2                                             ; --            ; Core5_mutex_0                   ; --         ;
; IP_TOOL_VERSION                     ; 13.0.1.99.2                                             ; --            ; Core5_onchip_memory_0           ; --         ;
; IP_TOOL_VERSION                     ; 13.0.1.99.2                                             ; --            ; Core5_onchip_memory_1           ; --         ;
; IP_TOOL_VERSION                     ; 13.0.1.99.2                                             ; --            ; Core5_onchip_memory_2           ; --         ;
; IP_TOOL_VERSION                     ; 13.0.1.99.2                                             ; --            ; Core5_onchip_memory_3           ; --         ;
; IP_TOOL_VERSION                     ; 13.0.1.99.2                                             ; --            ; Core5_onchip_memory_4           ; --         ;
; IP_TOOL_VERSION                     ; 13.0.1.99.2                                             ; --            ; Core5_onchip_shared             ; --         ;
; IP_TOOL_VERSION                     ; 13.0.1.99.2                                             ; --            ; Core5_performance_counter_0     ; --         ;
; IP_TOOL_VERSION                     ; 13.0.1.99.2                                             ; --            ; Core5_red_leds                  ; --         ;
; IP_TOOL_VERSION                     ; 13.0                                                    ; --            ; Core5_rsp_xbar_demux            ; --         ;
; IP_TOOL_VERSION                     ; 13.0                                                    ; --            ; Core5_rsp_xbar_demux_002        ; --         ;
; IP_TOOL_VERSION                     ; 13.0                                                    ; --            ; Core5_rsp_xbar_demux_003        ; --         ;
; IP_TOOL_VERSION                     ; 13.0                                                    ; --            ; Core5_rsp_xbar_demux_005        ; --         ;
; IP_TOOL_VERSION                     ; 13.0                                                    ; --            ; Core5_rsp_xbar_mux              ; --         ;
; IP_TOOL_VERSION                     ; 13.0                                                    ; --            ; Core5_rsp_xbar_mux_001          ; --         ;
; IP_TOOL_VERSION                     ; 13.0.1.99.2                                             ; --            ; Core5_switches                  ; --         ;
; IP_TOOL_VERSION                     ; 13.0.1.99.2                                             ; --            ; Core5_timer_0_0                 ; --         ;
; IP_TOOL_VERSION                     ; 13.0                                                    ; --            ; altera_avalon_sc_fifo           ; --         ;
; IP_TOOL_VERSION                     ; 13.0                                                    ; --            ; altera_merlin_master_agent      ; --         ;
; IP_TOOL_VERSION                     ; 13.0                                                    ; --            ; altera_merlin_master_translator ; --         ;
; IP_TOOL_VERSION                     ; 13.0                                                    ; --            ; altera_merlin_slave_agent       ; --         ;
; IP_TOOL_VERSION                     ; 13.0                                                    ; --            ; altera_merlin_slave_translator  ; --         ;
; IP_TOOL_VERSION                     ; 13.0                                                    ; --            ; altera_reset_controller         ; --         ;
; MAX_CORE_JUNCTION_TEMP              ; 85                                                      ; --            ; --                              ; --         ;
; MIN_CORE_JUNCTION_TEMP              ; 0                                                       ; --            ; --                              ; --         ;
; MISC_FILE                           ; Core5/synthesis/../../Core5.cmp                         ; --            ; --                              ; --         ;
; MISC_FILE                           ; Core5/synthesis/../../Core5.qsys                        ; --            ; --                              ; --         ;
; NOMINAL_CORE_SUPPLY_VOLTAGE         ; 1.2V                                                    ; --            ; --                              ; --         ;
; PARTITION_COLOR                     ; 16764057                                                ; --            ; --                              ; Top        ;
; PARTITION_FITTER_PRESERVATION_LEVEL ; PLACEMENT_AND_ROUTING                                   ; --            ; --                              ; Top        ;
; PARTITION_NETLIST_TYPE              ; SOURCE                                                  ; --            ; --                              ; Top        ;
; POWER_BOARD_THERMAL_MODEL           ; None (CONSERVATIVE)                                     ; --            ; --                              ; --         ;
; POWER_PRESET_COOLING_SOLUTION       ; 23 MM HEAT SINK WITH 200 LFPM AIRFLOW                   ; --            ; --                              ; --         ;
; PROJECT_OUTPUT_DIRECTORY            ; output_files                                            ; --            ; --                              ; --         ;
; SLD_INFO                            ; QSYS_NAME Core5 HAS_SOPCINFO 1 GENERATION_ID 1622161378 ; --            ; --                              ; --         ;
; SOPCINFO_FILE                       ; Core5/synthesis/../../Core5.sopcinfo                    ; --            ; --                              ; --         ;
; SYNTHESIS_ONLY_QIP                  ; On                                                      ; --            ; --                              ; --         ;
+-------------------------------------+---------------------------------------------------------+---------------+---------------------------------+------------+


+-------------------------------------------------------------------------------------------------------------------------------+
; Flow Elapsed Time                                                                                                             ;
+---------------------------+--------------+-------------------------+---------------------+------------------------------------+
; Module Name               ; Elapsed Time ; Average Processors Used ; Peak Virtual Memory ; Total CPU Time (on all processors) ;
+---------------------------+--------------+-------------------------+---------------------+------------------------------------+
; Analysis & Synthesis      ; 00:02:06     ; 1.0                     ; 5656 MB             ; 00:02:04                           ;
; Fitter                    ; 00:01:11     ; 1.9                     ; 6005 MB             ; 00:01:51                           ;
; Assembler                 ; 00:00:06     ; 1.0                     ; 4709 MB             ; 00:00:06                           ;
; TimeQuest Timing Analyzer ; 00:00:11     ; 1.0                     ; 5070 MB             ; 00:00:13                           ;
; Total                     ; 00:03:34     ; --                      ; --                  ; 00:04:14                           ;
+---------------------------+--------------+-------------------------+---------------------+------------------------------------+


+----------------------------------------------------------------------------------------+
; Flow OS Summary                                                                        ;
+---------------------------+------------------+-----------+------------+----------------+
; Module Name               ; Machine Hostname ; OS Name   ; OS Version ; Processor type ;
+---------------------------+------------------+-----------+------------+----------------+
; Analysis & Synthesis      ; DESKTOP-GG83KMP  ; Windows 7 ; 6.2        ; x86_64         ;
; Fitter                    ; DESKTOP-GG83KMP  ; Windows 7 ; 6.2        ; x86_64         ;
; Assembler                 ; DESKTOP-GG83KMP  ; Windows 7 ; 6.2        ; x86_64         ;
; TimeQuest Timing Analyzer ; DESKTOP-GG83KMP  ; Windows 7 ; 6.2        ; x86_64         ;
+---------------------------+------------------+-----------+------------+----------------+


------------
; Flow Log ;
------------
quartus_map --read_settings_files=on --write_settings_files=off Core5 -c Core5
quartus_fit --read_settings_files=off --write_settings_files=off Core5 -c Core5
quartus_asm --read_settings_files=off --write_settings_files=off Core5 -c Core5
quartus_sta Core5 -c Core5



