Flow report for Core7
Fri May 28 02:10:52 2021
Quartus II 64-Bit Version 13.0.1 Build 232 06/12/2013 Service Pack 1 SJ Web Edition


---------------------
; Table of Contents ;
---------------------
  1. Legal Notice
  2. Flow Summary
  3. Flow Settings
  4. Flow Non-Default Global Settings
  5. Flow Elapsed Time
  6. Flow OS Summary
  7. Flow Log
  8. Flow Messages
  9. Flow Suppressed Messages



----------------
; Legal Notice ;
----------------
Copyright (C) 1991-2013 Altera Corporation
Your use of Altera Corporation's design tools, logic functions 
and other software and tools, and its AMPP partner logic 
functions, and any output files from any of the foregoing 
(including device programming or simulation files), and any 
associated documentation or information are expressly subject 
to the terms and conditions of the Altera Program License 
Subscription Agreement, Altera MegaCore Function License 
Agreement, or other applicable license agreement, including, 
without limitation, that your use is for the sole purpose of 
programming logic devices manufactured by Altera and sold by 
Altera or its authorized distributors.  Please refer to the 
applicable agreement for further details.



+--------------------------------------------------------------------------------------+
; Flow Summary                                                                         ;
+------------------------------------+-------------------------------------------------+
; Flow Status                        ; Successful - Fri May 28 02:10:36 2021           ;
; Quartus II 64-Bit Version          ; 13.0.1 Build 232 06/12/2013 SP 1 SJ Web Edition ;
; Revision Name                      ; Core7                                           ;
; Top-level Entity Name              ; Core7                                           ;
; Family                             ; Cyclone IV E                                    ;
; Device                             ; EP4CE115F29C7                                   ;
; Timing Models                      ; Final                                           ;
; Total logic elements               ; 39,348 / 114,480 ( 34 % )                       ;
;     Total combinational functions  ; 37,137 / 114,480 ( 32 % )                       ;
;     Dedicated logic registers      ; 22,006 / 114,480 ( 19 % )                       ;
; Total registers                    ; 22006                                           ;
; Total pins                         ; 46 / 529 ( 9 % )                                ;
; Total virtual pins                 ; 0                                               ;
; Total memory bits                  ; 2,459,648 / 3,981,312 ( 62 % )                  ;
; Embedded Multiplier 9-bit elements ; 0 / 532 ( 0 % )                                 ;
; Total PLLs                         ; 0 / 4 ( 0 % )                                   ;
+------------------------------------+-------------------------------------------------+


+-----------------------------------------+
; Flow Settings                           ;
+-------------------+---------------------+
; Option            ; Setting             ;
+-------------------+---------------------+
; Start date & time ; 05/28/2021 02:03:40 ;
; Main task         ; Compilation         ;
; Revision Name     ; Core7               ;
+-------------------+---------------------+


+--------------------------------------------------------------------------------------------------------------------------------------------------------------+
; Flow Non-Default Global Settings                                                                                                                             ;
+-------------------------------------+---------------------------------------------------------+---------------+---------------------------------+------------+
; Assignment Name                     ; Value                                                   ; Default Value ; Entity Name                     ; Section Id ;
+-------------------------------------+---------------------------------------------------------+---------------+---------------------------------+------------+
; COMPILER_SIGNATURE_ID               ; 247207016683614.162216022037128                         ; --            ; --                              ; --         ;
; IP_TOOL_ENV                         ; Qsys                                                    ; --            ; --                              ; --         ;
; IP_TOOL_ENV                         ; Qsys                                                    ; --            ; Core7_addr_router               ; --         ;
; IP_TOOL_ENV                         ; Qsys                                                    ; --            ; Core7_addr_router_001           ; --         ;
; IP_TOOL_ENV                         ; Qsys                                                    ; --            ; Core7_addr_router_002           ; --         ;
; IP_TOOL_ENV                         ; Qsys                                                    ; --            ; Core7_addr_router_003           ; --         ;
; IP_TOOL_ENV                         ; Qsys                                                    ; --            ; Core7_addr_router_004           ; --         ;
; IP_TOOL_ENV                         ; Qsys                                                    ; --            ; Core7_addr_router_005           ; --         ;
; IP_TOOL_ENV                         ; Qsys                                                    ; --            ; Core7_addr_router_006           ; --         ;
; IP_TOOL_ENV                         ; Qsys                                                    ; --            ; Core7_addr_router_007           ; --         ;
; IP_TOOL_ENV                         ; Qsys                                                    ; --            ; Core7_addr_router_008           ; --         ;
; IP_TOOL_ENV                         ; Qsys                                                    ; --            ; Core7_addr_router_009           ; --         ;
; IP_TOOL_ENV                         ; Qsys                                                    ; --            ; Core7_addr_router_010           ; --         ;
; IP_TOOL_ENV                         ; Qsys                                                    ; --            ; Core7_addr_router_011           ; --         ;
; IP_TOOL_ENV                         ; Qsys                                                    ; --            ; Core7_addr_router_012           ; --         ;
; IP_TOOL_ENV                         ; Qsys                                                    ; --            ; Core7_addr_router_013           ; --         ;
; IP_TOOL_ENV                         ; Qsys                                                    ; --            ; Core7_cmd_xbar_demux            ; --         ;
; IP_TOOL_ENV                         ; Qsys                                                    ; --            ; Core7_cmd_xbar_demux_001        ; --         ;
; IP_TOOL_ENV                         ; Qsys                                                    ; --            ; Core7_cmd_xbar_mux              ; --         ;
; IP_TOOL_ENV                         ; Qsys                                                    ; --            ; Core7_cmd_xbar_mux_002          ; --         ;
; IP_TOOL_ENV                         ; Qsys                                                    ; --            ; Core7_cmd_xbar_mux_005          ; --         ;
; IP_TOOL_ENV                         ; Qsys                                                    ; --            ; Core7_cpu_0                     ; --         ;
; IP_TOOL_ENV                         ; Qsys                                                    ; --            ; Core7_cpu_1                     ; --         ;
; IP_TOOL_ENV                         ; Qsys                                                    ; --            ; Core7_cpu_2                     ; --         ;
; IP_TOOL_ENV                         ; Qsys                                                    ; --            ; Core7_cpu_3                     ; --         ;
; IP_TOOL_ENV                         ; Qsys                                                    ; --            ; Core7_cpu_4                     ; --         ;
; IP_TOOL_ENV                         ; Qsys                                                    ; --            ; Core7_cpu_5                     ; --         ;
; IP_TOOL_ENV                         ; Qsys                                                    ; --            ; Core7_cpu_6                     ; --         ;
; IP_TOOL_ENV                         ; Qsys                                                    ; --            ; Core7_fifo_0_to_1               ; --         ;
; IP_TOOL_ENV                         ; Qsys                                                    ; --            ; Core7_green_leds                ; --         ;
; IP_TOOL_ENV                         ; Qsys                                                    ; --            ; Core7_id_router                 ; --         ;
; IP_TOOL_ENV                         ; Qsys                                                    ; --            ; Core7_id_router_002             ; --         ;
; IP_TOOL_ENV                         ; Qsys                                                    ; --            ; Core7_id_router_003             ; --         ;
; IP_TOOL_ENV                         ; Qsys                                                    ; --            ; Core7_id_router_005             ; --         ;
; IP_TOOL_ENV                         ; Qsys                                                    ; --            ; Core7_id_router_042             ; --         ;
; IP_TOOL_ENV                         ; Qsys                                                    ; --            ; Core7_id_router_044             ; --         ;
; IP_TOOL_ENV                         ; Qsys                                                    ; --            ; Core7_id_router_072             ; --         ;
; IP_TOOL_ENV                         ; Qsys                                                    ; --            ; Core7_id_router_074             ; --         ;
; IP_TOOL_ENV                         ; Qsys                                                    ; --            ; Core7_id_router_102             ; --         ;
; IP_TOOL_ENV                         ; Qsys                                                    ; --            ; Core7_id_router_104             ; --         ;
; IP_TOOL_ENV                         ; Qsys                                                    ; --            ; Core7_id_router_132             ; --         ;
; IP_TOOL_ENV                         ; Qsys                                                    ; --            ; Core7_id_router_134             ; --         ;
; IP_TOOL_ENV                         ; Qsys                                                    ; --            ; Core7_id_router_162             ; --         ;
; IP_TOOL_ENV                         ; Qsys                                                    ; --            ; Core7_id_router_164             ; --         ;
; IP_TOOL_ENV                         ; Qsys                                                    ; --            ; Core7_id_router_192             ; --         ;
; IP_TOOL_ENV                         ; Qsys                                                    ; --            ; Core7_id_router_194             ; --         ;
; IP_TOOL_ENV                         ; Qsys                                                    ; --            ; Core7_irq_mapper                ; --         ;
; IP_TOOL_ENV                         ; Qsys                                                    ; --            ; Core7_jtag_uart_0               ; --         ;
; IP_TOOL_ENV                         ; Qsys                                                    ; --            ; Core7_mutex_0                   ; --         ;
; IP_TOOL_ENV                         ; Qsys                                                    ; --            ; Core7_onchip_memory_0           ; --         ;
; IP_TOOL_ENV                         ; Qsys                                                    ; --            ; Core7_onchip_memory_1           ; --         ;
; IP_TOOL_ENV                         ; Qsys                                                    ; --            ; Core7_onchip_memory_2           ; --         ;
; IP_TOOL_ENV                         ; Qsys                                                    ; --            ; Core7_onchip_memory_3           ; --         ;
; IP_TOOL_ENV                         ; Qsys                                                    ; --            ; Core7_onchip_memory_4           ; --         ;
; IP_TOOL_ENV                         ; Qsys                                                    ; --            ; Core7_onchip_memory_5           ; --         ;
; IP_TOOL_ENV                         ; Qsys                                                    ; --            ; Core7_onchip_memory_6           ; --         ;
; IP_TOOL_ENV                         ; Qsys                                                    ; --            ; Core7_onchip_shared             ; --         ;
; IP_TOOL_ENV                         ; Qsys                                                    ; --            ; Core7_performance_counter_0     ; --         ;
; IP_TOOL_ENV                         ; Qsys                                                    ; --            ; Core7_red_leds                  ; --         ;
; IP_TOOL_ENV                         ; Qsys                                                    ; --            ; Core7_rsp_xbar_demux            ; --         ;
; IP_TOOL_ENV                         ; Qsys                                                    ; --            ; Core7_rsp_xbar_demux_002        ; --         ;
; IP_TOOL_ENV                         ; Qsys                                                    ; --            ; Core7_rsp_xbar_demux_003        ; --         ;
; IP_TOOL_ENV                         ; Qsys                                                    ; --            ; Core7_rsp_xbar_demux_005        ; --         ;
; IP_TOOL_ENV                         ; Qsys                                                    ; --            ; Core7_rsp_xbar_mux              ; --         ;
; IP_TOOL_ENV                         ; Qsys                                                    ; --            ; Core7_rsp_xbar_mux_001          ; --         ;
; IP_TOOL_ENV                         ; Qsys                                                    ; --            ; Core7_switches                  ; --         ;
; IP_TOOL_ENV                         ; Qsys                                                    ; --            ; Core7_timer_0_0                 ; --         ;
; IP_TOOL_ENV                         ; Qsys                                                    ; --            ; altera_avalon_sc_fifo           ; --         ;
; IP_TOOL_ENV                         ; Qsys                                                    ; --            ; altera_merlin_master_agent      ; --         ;
; IP_TOOL_ENV                         ; Qsys                                                    ; --            ; altera_merlin_master_translator ; --         ;
; IP_TOOL_ENV                         ; Qsys                                                    ; --            ; altera_merlin_slave_agent       ; --         ;
; IP_TOOL_ENV                         ; Qsys                                                    ; --            ; altera_merlin_slave_translator  ; --         ;
; IP_TOOL_ENV                         ; Qsys                                                    ; --            ; altera_reset_controller         ; --         ;
; IP_TOOL_NAME                        ; Qsys                                                    ; --            ; --                              ; --         ;
; IP_TOOL_NAME                        ; altera_merlin_router                                    ; --            ; Core7_addr_router               ; --         ;
; IP_TOOL_NAME                        ; altera_merlin_router                                    ; --            ; Core7_addr_router_001           ; --         ;
; IP_TOOL_NAME                        ; altera_merlin_router                                    ; --            ; Core7_addr_router_002           ; --         ;
; IP_TOOL_NAME                        ; altera_merlin_router                                    ; --            ; Core7_addr_router_003           ; --         ;
; IP_TOOL_NAME                        ; altera_merlin_router                                    ; --            ; Core7_addr_router_004           ; --         ;
; IP_TOOL_NAME                        ; altera_merlin_router                                    ; --            ; Core7_addr_router_005           ; --         ;
; IP_TOOL_NAME                        ; altera_merlin_router                                    ; --            ; Core7_addr_router_006           ; --         ;
; IP_TOOL_NAME                        ; altera_merlin_router                                    ; --            ; Core7_addr_router_007           ; --         ;
; IP_TOOL_NAME                        ; altera_merlin_router                                    ; --            ; Core7_addr_router_008           ; --         ;
; IP_TOOL_NAME                        ; altera_merlin_router                                    ; --            ; Core7_addr_router_009           ; --         ;
; IP_TOOL_NAME                        ; altera_merlin_router                                    ; --            ; Core7_addr_router_010           ; --         ;
; IP_TOOL_NAME                        ; altera_merlin_router                                    ; --            ; Core7_addr_router_011           ; --         ;
; IP_TOOL_NAME                        ; altera_merlin_router                                    ; --            ; Core7_addr_router_012           ; --         ;
; IP_TOOL_NAME                        ; altera_merlin_router                                    ; --            ; Core7_addr_router_013           ; --         ;
; IP_TOOL_NAME                        ; altera_merlin_demultiplexer                             ; --            ; Core7_cmd_xbar_demux            ; --         ;
; IP_TOOL_NAME                        ; altera_merlin_demultiplexer                             ; --            ; Core7_cmd_xbar_demux_001        ; --         ;
; IP_TOOL_NAME                        ; altera_merlin_multiplexer                               ; --            ; Core7_cmd_xbar_mux              ; --         ;
; IP_TOOL_NAME                        ; altera_merlin_multiplexer                               ; --            ; Core7_cmd_xbar_mux_002          ; --         ;
; IP_TOOL_NAME                        ; altera_merlin_multiplexer                               ; --            ; Core7_cmd_xbar_mux_005          ; --         ;
; IP_TOOL_NAME                        ; altera_nios2_qsys                                       ; --            ; Core7_cpu_0                     ; --         ;
; IP_TOOL_NAME                        ; altera_nios2_qsys                                       ; --            ; Core7_cpu_1                     ; --         ;
; IP_TOOL_NAME                        ; altera_nios2_qsys                                       ; --            ; Core7_cpu_2                     ; --         ;
; IP_TOOL_NAME                        ; altera_nios2_qsys                                       ; --            ; Core7_cpu_3                     ; --         ;
; IP_TOOL_NAME                        ; altera_nios2_qsys                                       ; --            ; Core7_cpu_4                     ; --         ;
; IP_TOOL_NAME                        ; altera_nios2_qsys                                       ; --            ; Core7_cpu_5                     ; --         ;
; IP_TOOL_NAME                        ; altera_nios2_qsys                                       ; --            ; Core7_cpu_6                     ; --         ;
; IP_TOOL_NAME                        ; altera_avalon_fifo                                      ; --            ; Core7_fifo_0_to_1               ; --         ;
; IP_TOOL_NAME                        ; altera_avalon_pio                                       ; --            ; Core7_green_leds                ; --         ;
; IP_TOOL_NAME                        ; altera_merlin_router                                    ; --            ; Core7_id_router                 ; --         ;
; IP_TOOL_NAME                        ; altera_merlin_router                                    ; --            ; Core7_id_router_002             ; --         ;
; IP_TOOL_NAME                        ; altera_merlin_router                                    ; --            ; Core7_id_router_003             ; --         ;
; IP_TOOL_NAME                        ; altera_merlin_router                                    ; --            ; Core7_id_router_005             ; --         ;
; IP_TOOL_NAME                        ; altera_merlin_router                                    ; --            ; Core7_id_router_042             ; --         ;
; IP_TOOL_NAME                        ; altera_merlin_router                                    ; --            ; Core7_id_router_044             ; --         ;
; IP_TOOL_NAME                        ; altera_merlin_router                                    ; --            ; Core7_id_router_072             ; --         ;
; IP_TOOL_NAME                        ; altera_merlin_router                                    ; --            ; Core7_id_router_074             ; --         ;
; IP_TOOL_NAME                        ; altera_merlin_router                                    ; --            ; Core7_id_router_102             ; --         ;
; IP_TOOL_NAME                        ; altera_merlin_router                                    ; --            ; Core7_id_router_104             ; --         ;
; IP_TOOL_NAME                        ; altera_merlin_router                                    ; --            ; Core7_id_router_132             ; --         ;
; IP_TOOL_NAME                        ; altera_merlin_router                                    ; --            ; Core7_id_router_134             ; --         ;
; IP_TOOL_NAME                        ; altera_merlin_router                                    ; --            ; Core7_id_router_162             ; --         ;
; IP_TOOL_NAME                        ; altera_merlin_router                                    ; --            ; Core7_id_router_164             ; --         ;
; IP_TOOL_NAME                        ; altera_merlin_router                                    ; --            ; Core7_id_router_192             ; --         ;
; IP_TOOL_NAME                        ; altera_merlin_router                                    ; --            ; Core7_id_router_194             ; --         ;
; IP_TOOL_NAME                        ; altera_irq_mapper                                       ; --            ; Core7_irq_mapper                ; --         ;
; IP_TOOL_NAME                        ; altera_avalon_jtag_uart                                 ; --            ; Core7_jtag_uart_0               ; --         ;
; IP_TOOL_NAME                        ; altera_avalon_mutex                                     ; --            ; Core7_mutex_0                   ; --         ;
; IP_TOOL_NAME                        ; altera_avalon_onchip_memory2                            ; --            ; Core7_onchip_memory_0           ; --         ;
; IP_TOOL_NAME                        ; altera_avalon_onchip_memory2                            ; --            ; Core7_onchip_memory_1           ; --         ;
; IP_TOOL_NAME                        ; altera_avalon_onchip_memory2                            ; --            ; Core7_onchip_memory_2           ; --         ;
; IP_TOOL_NAME                        ; altera_avalon_onchip_memory2                            ; --            ; Core7_onchip_memory_3           ; --         ;
; IP_TOOL_NAME                        ; altera_avalon_onchip_memory2                            ; --            ; Core7_onchip_memory_4           ; --         ;
; IP_TOOL_NAME                        ; altera_avalon_onchip_memory2                            ; --            ; Core7_onchip_memory_5           ; --         ;
; IP_TOOL_NAME                        ; altera_avalon_onchip_memory2                            ; --            ; Core7_onchip_memory_6           ; --         ;
; IP_TOOL_NAME                        ; altera_avalon_onchip_memory2                            ; --            ; Core7_onchip_shared             ; --         ;
; IP_TOOL_NAME                        ; altera_avalon_performance_counter                       ; --            ; Core7_performance_counter_0     ; --         ;
; IP_TOOL_NAME                        ; altera_avalon_pio                                       ; --            ; Core7_red_leds                  ; --         ;
; IP_TOOL_NAME                        ; altera_merlin_demultiplexer                             ; --            ; Core7_rsp_xbar_demux            ; --         ;
; IP_TOOL_NAME                        ; altera_merlin_demultiplexer                             ; --            ; Core7_rsp_xbar_demux_002        ; --         ;
; IP_TOOL_NAME                        ; altera_merlin_demultiplexer                             ; --            ; Core7_rsp_xbar_demux_003        ; --         ;
; IP_TOOL_NAME                        ; altera_merlin_demultiplexer                             ; --            ; Core7_rsp_xbar_demux_005        ; --         ;
; IP_TOOL_NAME                        ; altera_merlin_multiplexer                               ; --            ; Core7_rsp_xbar_mux              ; --         ;
; IP_TOOL_NAME                        ; altera_merlin_multiplexer                               ; --            ; Core7_rsp_xbar_mux_001          ; --         ;
; IP_TOOL_NAME                        ; altera_avalon_pio                                       ; --            ; Core7_switches                  ; --         ;
; IP_TOOL_NAME                        ; altera_avalon_timer                                     ; --            ; Core7_timer_0_0                 ; --         ;
; IP_TOOL_NAME                        ; altera_avalon_sc_fifo                                   ; --            ; altera_avalon_sc_fifo           ; --         ;
; IP_TOOL_NAME                        ; altera_merlin_master_agent                              ; --            ; altera_merlin_master_agent      ; --         ;
; IP_TOOL_NAME                        ; altera_merlin_master_translator                         ; --            ; altera_merlin_master_translator ; --         ;
; IP_TOOL_NAME                        ; altera_merlin_slave_agent                               ; --            ; altera_merlin_slave_agent       ; --         ;
; IP_TOOL_NAME                        ; altera_merlin_slave_translator                          ; --            ; altera_merlin_slave_translator  ; --         ;
; IP_TOOL_NAME                        ; altera_reset_controller                                 ; --            ; altera_reset_controller         ; --         ;
; IP_TOOL_VERSION                     ; 13.0sp1                                                 ; --            ; --                              ; --         ;
; IP_TOOL_VERSION                     ; 13.0                                                    ; --            ; Core7_addr_router               ; --         ;
; IP_TOOL_VERSION                     ; 13.0                                                    ; --            ; Core7_addr_router_001           ; --         ;
; IP_TOOL_VERSION                     ; 13.0                                                    ; --            ; Core7_addr_router_002           ; --         ;
; IP_TOOL_VERSION                     ; 13.0                                                    ; --            ; Core7_addr_router_003           ; --         ;
; IP_TOOL_VERSION                     ; 13.0                                                    ; --            ; Core7_addr_router_004           ; --         ;
; IP_TOOL_VERSION                     ; 13.0                                                    ; --            ; Core7_addr_router_005           ; --         ;
; IP_TOOL_VERSION                     ; 13.0                                                    ; --            ; Core7_addr_router_006           ; --         ;
; IP_TOOL_VERSION                     ; 13.0                                                    ; --            ; Core7_addr_router_007           ; --         ;
; IP_TOOL_VERSION                     ; 13.0                                                    ; --            ; Core7_addr_router_008           ; --         ;
; IP_TOOL_VERSION                     ; 13.0                                                    ; --            ; Core7_addr_router_009           ; --         ;
; IP_TOOL_VERSION                     ; 13.0                                                    ; --            ; Core7_addr_router_010           ; --         ;
; IP_TOOL_VERSION                     ; 13.0                                                    ; --            ; Core7_addr_router_011           ; --         ;
; IP_TOOL_VERSION                     ; 13.0                                                    ; --            ; Core7_addr_router_012           ; --         ;
; IP_TOOL_VERSION                     ; 13.0                                                    ; --            ; Core7_addr_router_013           ; --         ;
; IP_TOOL_VERSION                     ; 13.0                                                    ; --            ; Core7_cmd_xbar_demux            ; --         ;
; IP_TOOL_VERSION                     ; 13.0                                                    ; --            ; Core7_cmd_xbar_demux_001        ; --         ;
; IP_TOOL_VERSION                     ; 13.0                                                    ; --            ; Core7_cmd_xbar_mux              ; --         ;
; IP_TOOL_VERSION                     ; 13.0                                                    ; --            ; Core7_cmd_xbar_mux_002          ; --         ;
; IP_TOOL_VERSION                     ; 13.0                                                    ; --            ; Core7_cmd_xbar_mux_005          ; --         ;
; IP_TOOL_VERSION                     ; 13.0                                                    ; --            ; Core7_cpu_0                     ; --         ;
; IP_TOOL_VERSION                     ; 13.0                                                    ; --            ; Core7_cpu_1                     ; --         ;
; IP_TOOL_VERSION                     ; 13.0                                                    ; --            ; Core7_cpu_2                     ; --         ;
; IP_TOOL_VERSION                     ; 13.0                                                    ; --            ; Core7_cpu_3                     ; --         ;
; IP_TOOL_VERSION                     ; 13.0                                                    ; --            ; Core7_cpu_4                     ; --         ;
; IP_TOOL_VERSION                     ; 13.0                                                    ; --            ; Core7_cpu_5                     ; --         ;
; IP_TOOL_VERSION                     ; 13.0                                                    ; --            ; Core7_cpu_6                     ; --         ;
; IP_TOOL_VERSION                     ; 13.0.1.99.2                                             ; --            ; Core7_fifo_0_to_1               ; --         ;
; IP_TOOL_VERSION                     ; 13.0.1.99.2                                             ; --            ; Core7_green_leds                ; --         ;
; IP_TOOL_VERSION                     ; 13.0                                                    ; --            ; Core7_id_router                 ; --         ;
; IP_TOOL_VERSION                     ; 13.0                                                    ; --            ; Core7_id_router_002             ; --         ;
; IP_TOOL_VERSION                     ; 13.0                                                    ; --            ; Core7_id_router_003             ; --         ;
; IP_TOOL_VERSION                     ; 13.0                                                    ; --            ; Core7_id_router_005             ; --         ;
; IP_TOOL_VERSION                     ; 13.0                                                    ; --            ; Core7_id_router_042             ; --         ;
; IP_TOOL_VERSION                     ; 13.0                                                    ; --            ; Core7_id_router_044             ; --         ;
; IP_TOOL_VERSION                     ; 13.0                                                    ; --            ; Core7_id_router_072             ; --         ;
; IP_TOOL_VERSION                     ; 13.0                                                    ; --            ; Core7_id_router_074             ; --         ;
; IP_TOOL_VERSION                     ; 13.0                                                    ; --            ; Core7_id_router_102             ; --         ;
; IP_TOOL_VERSION                     ; 13.0                                                    ; --            ; Core7_id_router_104             ; --         ;
; IP_TOOL_VERSION                     ; 13.0                                                    ; --            ; Core7_id_router_132             ; --         ;
; IP_TOOL_VERSION                     ; 13.0                                                    ; --            ; Core7_id_router_134             ; --         ;
; IP_TOOL_VERSION                     ; 13.0                                                    ; --            ; Core7_id_router_162             ; --         ;
; IP_TOOL_VERSION                     ; 13.0                                                    ; --            ; Core7_id_router_164             ; --         ;
; IP_TOOL_VERSION                     ; 13.0                                                    ; --            ; Core7_id_router_192             ; --         ;
; IP_TOOL_VERSION                     ; 13.0                                                    ; --            ; Core7_id_router_194             ; --         ;
; IP_TOOL_VERSION                     ; 13.0                                                    ; --            ; Core7_irq_mapper                ; --         ;
; IP_TOOL_VERSION                     ; 13.0.1.99.2                                             ; --            ; Core7_jtag_uart_0               ; --         ;
; IP_TOOL_VERSION                     ; 13.0.1.99.2                                             ; --            ; Core7_mutex_0                   ; --         ;
; IP_TOOL_VERSION                     ; 13.0.1.99.2                                             ; --            ; Core7_onchip_memory_0           ; --         ;
; IP_TOOL_VERSION                     ; 13.0.1.99.2                                             ; --            ; Core7_onchip_memory_1           ; --         ;
; IP_TOOL_VERSION                     ; 13.0.1.99.2                                             ; --            ; Core7_onchip_memory_2           ; --         ;
; IP_TOOL_VERSION                     ; 13.0.1.99.2                                             ; --            ; Core7_onchip_memory_3           ; --         ;
; IP_TOOL_VERSION                     ; 13.0.1.99.2                                             ; --            ; Core7_onchip_memory_4           ; --         ;
; IP_TOOL_VERSION                     ; 13.0.1.99.2                                             ; --            ; Core7_onchip_memory_5           ; --         ;
; IP_TOOL_VERSION                     ; 13.0.1.99.2                                             ; --            ; Core7_onchip_memory_6           ; --         ;
; IP_TOOL_VERSION                     ; 13.0.1.99.2                                             ; --            ; Core7_onchip_shared             ; --         ;
; IP_TOOL_VERSION                     ; 13.0.1.99.2                                             ; --            ; Core7_performance_counter_0     ; --         ;
; IP_TOOL_VERSION                     ; 13.0.1.99.2                                             ; --            ; Core7_red_leds                  ; --         ;
; IP_TOOL_VERSION                     ; 13.0                                                    ; --            ; Core7_rsp_xbar_demux            ; --         ;
; IP_TOOL_VERSION                     ; 13.0                                                    ; --            ; Core7_rsp_xbar_demux_002        ; --         ;
; IP_TOOL_VERSION                     ; 13.0                                                    ; --            ; Core7_rsp_xbar_demux_003        ; --         ;
; IP_TOOL_VERSION                     ; 13.0                                                    ; --            ; Core7_rsp_xbar_demux_005        ; --         ;
; IP_TOOL_VERSION                     ; 13.0                                                    ; --            ; Core7_rsp_xbar_mux              ; --         ;
; IP_TOOL_VERSION                     ; 13.0                                                    ; --            ; Core7_rsp_xbar_mux_001          ; --         ;
; IP_TOOL_VERSION                     ; 13.0.1.99.2                                             ; --            ; Core7_switches                  ; --         ;
; IP_TOOL_VERSION                     ; 13.0.1.99.2                                             ; --            ; Core7_timer_0_0                 ; --         ;
; IP_TOOL_VERSION                     ; 13.0                                                    ; --            ; altera_avalon_sc_fifo           ; --         ;
; IP_TOOL_VERSION                     ; 13.0                                                    ; --            ; altera_merlin_master_agent      ; --         ;
; IP_TOOL_VERSION                     ; 13.0                                                    ; --            ; altera_merlin_master_translator ; --         ;
; IP_TOOL_VERSION                     ; 13.0                                                    ; --            ; altera_merlin_slave_agent       ; --         ;
; IP_TOOL_VERSION                     ; 13.0                                                    ; --            ; altera_merlin_slave_translator  ; --         ;
; IP_TOOL_VERSION                     ; 13.0                                                    ; --            ; altera_reset_controller         ; --         ;
; MAX_CORE_JUNCTION_TEMP              ; 85                                                      ; --            ; --                              ; --         ;
; MIN_CORE_JUNCTION_TEMP              ; 0                                                       ; --            ; --                              ; --         ;
; MISC_FILE                           ; Core7/synthesis/../../Core7.cmp                         ; --            ; --                              ; --         ;
; MISC_FILE                           ; Core7/synthesis/../../Core7.qsys                        ; --            ; --                              ; --         ;
; NOMINAL_CORE_SUPPLY_VOLTAGE         ; 1.2V                                                    ; --            ; --                              ; --         ;
; PARTITION_COLOR                     ; 16764057                                                ; --            ; --                              ; Top        ;
; PARTITION_FITTER_PRESERVATION_LEVEL ; PLACEMENT_AND_ROUTING                                   ; --            ; --                              ; Top        ;
; PARTITION_NETLIST_TYPE              ; SOURCE                                                  ; --            ; --                              ; Top        ;
; POWER_BOARD_THERMAL_MODEL           ; None (CONSERVATIVE)                                     ; --            ; --                              ; --         ;
; POWER_PRESET_COOLING_SOLUTION       ; 23 MM HEAT SINK WITH 200 LFPM AIRFLOW                   ; --            ; --                              ; --         ;
; PROJECT_OUTPUT_DIRECTORY            ; output_files                                            ; --            ; --                              ; --         ;
; SLD_INFO                            ; QSYS_NAME Core7 HAS_SOPCINFO 1 GENERATION_ID 1622159816 ; --            ; --                              ; --         ;
; SOPCINFO_FILE                       ; Core7/synthesis/../../Core7.sopcinfo                    ; --            ; --                              ; --         ;
; SYNTHESIS_ONLY_QIP                  ; On                                                      ; --            ; --                              ; --         ;
+-------------------------------------+---------------------------------------------------------+---------------+---------------------------------+------------+


+-------------------------------------------------------------------------------------------------------------------------------+
; Flow Elapsed Time                                                                                                             ;
+---------------------------+--------------+-------------------------+---------------------+------------------------------------+
; Module Name               ; Elapsed Time ; Average Processors Used ; Peak Virtual Memory ; Total CPU Time (on all processors) ;
+---------------------------+--------------+-------------------------+---------------------+------------------------------------+
; Analysis & Synthesis      ; 00:04:26     ; 1.0                     ; 6789 MB             ; 00:04:23                           ;
; Fitter                    ; 00:01:54     ; 2.2                     ; 6164 MB             ; 00:03:03                           ;
; Assembler                 ; 00:00:07     ; 1.0                     ; 4790 MB             ; 00:00:07                           ;
; TimeQuest Timing Analyzer ; 00:00:14     ; 1.4                     ; 5268 MB             ; 00:00:17                           ;
; Total                     ; 00:06:41     ; --                      ; --                  ; 00:07:50                           ;
+---------------------------+--------------+-------------------------+---------------------+------------------------------------+


+----------------------------------------------------------------------------------------+
; Flow OS Summary                                                                        ;
+---------------------------+------------------+-----------+------------+----------------+
; Module Name               ; Machine Hostname ; OS Name   ; OS Version ; Processor type ;
+---------------------------+------------------+-----------+------------+----------------+
; Analysis & Synthesis      ; DESKTOP-GG83KMP  ; Windows 7 ; 6.2        ; x86_64         ;
; Fitter                    ; DESKTOP-GG83KMP  ; Windows 7 ; 6.2        ; x86_64         ;
; Assembler                 ; DESKTOP-GG83KMP  ; Windows 7 ; 6.2        ; x86_64         ;
; TimeQuest Timing Analyzer ; DESKTOP-GG83KMP  ; Windows 7 ; 6.2        ; x86_64         ;
+---------------------------+------------------+-----------+------------+----------------+


------------
; Flow Log ;
------------
quartus_map --read_settings_files=on --write_settings_files=off Core7 -c Core7
quartus_fit --read_settings_files=off --write_settings_files=off Core7 -c Core7
quartus_asm --read_settings_files=off --write_settings_files=off Core7 -c Core7
quartus_sta Core7 -c Core7



